Log file open, 04/16/18 22:04:11
LogWindows: Failed to load 'aqProf.dll' (GetLastError=126)
LogWindows: File 'aqProf.dll' does not exist
LogWindows: Failed to load 'VtuneApi.dll' (GetLastError=126)
LogWindows: File 'VtuneApi.dll' does not exist
LogWindows: Failed to load 'VtuneApi32e.dll' (GetLastError=126)
LogWindows: File 'VtuneApi32e.dll' does not exist
LogInit: Display: Running engine for game: EscapeTheRoom
LogPlatformFile: Not using cached read wrapper
LogInit: Display: RandInit(1497081932) SRandInit(1497081932).
LogInit: Read version file with build ID '3944462'
LogInit: Overriding engine version to CL 3989454, compatible CL 3944462
LogInit: Registered custom module enumerator with build ID '3944462'
LogTaskGraph: Started task graph with 5 named threads and 11 total threads with 3 sets of task threads.
LogStats: Stats thread started at 0.468343
LogD3D11RHI: Aftermath initialized
LogICUInternationalization: Display: ICU TimeZone Detection - Raw Offset: -3:00, Platform Override: ''
LogModuleManager: Display: Found up-to-date module file ../../../Engine/Plugins/2D/Paper2D/Binaries/Win64/UE4Editor-Paper2D.dll (API version 3944462).
LogModuleManager: Display: Found up-to-date module file ../../../Engine/Plugins/2D/Paper2D/Binaries/Win64/UE4Editor-Paper2DEditor.dll (API version 3944462).
LogModuleManager: Display: Found up-to-date module file ../../../Engine/Plugins/2D/Paper2D/Binaries/Win64/UE4Editor-PaperSpriteSheetImporter.dll (API version 3944462).
LogModuleManager: Display: Found up-to-date module file ../../../Engine/Plugins/2D/Paper2D/Binaries/Win64/UE4Editor-PaperTiledImporter.dll (API version 3944462).
LogModuleManager: Display: Found up-to-date module file ../../../Engine/Plugins/2D/Paper2D/Binaries/Win64/UE4Editor-SmartSnapping.dll (API version 3944462).
LogModuleManager: Display: Found up-to-date module file ../../../Engine/Plugins/Blendables/LightPropagationVolume/Binaries/Win64/UE4Editor-LightPropagationVolumeRuntime.dll (API version 3944462).
LogModuleManager: Display: Found up-to-date module file ../../../Engine/Plugins/Blendables/LightPropagationVolume/Binaries/Win64/UE4Editor-LightPropagationVolumeEditor.dll (API version 3944462).
LogModuleManager: Display: Found up-to-date module file ../../../Engine/Plugins/Developer/CLionSourceCodeAccess/Binaries/Win64/UE4Editor-CLionSourceCodeAccess.dll (API version 3944462).
LogModuleManager: Display: Found up-to-date module file ../../../Engine/Plugins/Developer/GitSourceControl/Binaries/Win64/UE4Editor-GitSourceControl.dll (API version 3944462).
LogModuleManager: Display: Found up-to-date module file ../../../Engine/Plugins/Developer/PerforceSourceControl/Binaries/Win64/UE4Editor-PerforceSourceControl.dll (API version 3944462).
LogModuleManager: Display: Found up-to-date module file ../../../Engine/Plugins/Developer/SubversionSourceControl/Binaries/Win64/UE4Editor-SubversionSourceControl.dll (API version 3944462).
LogModuleManager: Display: Found up-to-date module file ../../../Engine/Plugins/Developer/UObjectPlugin/Binaries/Win64/UE4Editor-UObjectPlugin.dll (API version 3944462).
LogModuleManager: Display: Found up-to-date module file ../../../Engine/Plugins/Developer/VisualStudioCodeSourceCodeAccess/Binaries/Win64/UE4Editor-VisualStudioCodeSourceCodeAccess.dll (API version 3944462).
LogModuleManager: Display: Found up-to-date module file ../../../Engine/Plugins/Developer/VisualStudioSourceCodeAccess/Binaries/Win64/UE4Editor-VisualStudioSourceCodeAccess.dll (API version 3944462).
LogModuleManager: Display: Found up-to-date module file ../../../Engine/Plugins/Editor/AssetManagerEditor/Binaries/Win64/UE4Editor-AssetManagerEditor.dll (API version 3944462).
LogModuleManager: Display: Found up-to-date module file ../../../Engine/Plugins/Editor/CryptoKeys/Binaries/Win64/UE4Editor-CryptoKeys.dll (API version 3944462).
LogModuleManager: Display: Found up-to-date module file ../../../Engine/Plugins/Editor/CryptoKeys/Binaries/Win64/UE4Editor-CryptoKeysOpenSSL.dll (API version 3944462).
LogModuleManager: Display: Found up-to-date module file ../../../Engine/Plugins/Editor/DataValidation/Binaries/Win64/UE4Editor-DataValidation.dll (API version 3944462).
LogModuleManager: Display: Found up-to-date module file ../../../Engine/Plugins/Editor/FacialAnimation/Binaries/Win64/UE4Editor-FacialAnimation.dll (API version 3944462).
LogModuleManager: Display: Found up-to-date module file ../../../Engine/Plugins/Editor/FacialAnimation/Binaries/Win64/UE4Editor-FacialAnimationEditor.dll (API version 3944462).
LogModuleManager: Display: Found up-to-date module file ../../../Engine/Plugins/Editor/GameplayTagsEditor/Binaries/Win64/UE4Editor-GameplayTagsEditor.dll (API version 3944462).
LogModuleManager: Display: Found up-to-date module file ../../../Engine/Plugins/Editor/MobileLauncherProfileWizard/Binaries/Win64/UE4Editor-MobileLauncherProfileWizard.dll (API version 3944462).
LogModuleManager: Display: Found up-to-date module file ../../../Engine/Plugins/Editor/PluginBrowser/Binaries/Win64/UE4Editor-PluginBrowser.dll (API version 3944462).
LogModuleManager: Display: Found up-to-date module file ../../../Engine/Plugins/Editor/SpeedTreeImporter/Binaries/Win64/UE4Editor-SpeedTreeImporter.dll (API version 3944462).
LogModuleManager: Display: Found up-to-date module file ../../../Engine/Plugins/Enterprise/DatasmithContent/Binaries/Win64/UE4Editor-DatasmithContent.dll (API version 3944462).
LogModuleManager: Display: Found up-to-date module file ../../../Engine/Plugins/Experimental/AlembicImporter/Binaries/Win64/UE4Editor-AlembicImporter.dll (API version 3944462).
LogModuleManager: Display: Found up-to-date module file ../../../Engine/Plugins/Experimental/AlembicImporter/Binaries/Win64/UE4Editor-AlembicLibrary.dll (API version 3944462).
LogModuleManager: Display: Found up-to-date module file ../../../Engine/Plugins/Experimental/CharacterAI/Binaries/Win64/UE4Editor-CharacterAI.dll (API version 3944462).
LogModuleManager: Display: Found up-to-date module file ../../../Engine/Plugins/Experimental/HTML5Networking/Binaries/Win64/UE4Editor-HTML5Networking.dll (API version 3944462).
LogModuleManager: Display: Found up-to-date module file ../../../Engine/Plugins/Media/AndroidMedia/Binaries/Win64/UE4Editor-AndroidMediaEditor.dll (API version 3944462).
LogModuleManager: Display: Found up-to-date module file ../../../Engine/Plugins/Media/AndroidMedia/Binaries/Win64/UE4Editor-AndroidMediaFactory.dll (API version 3944462).
LogModuleManager: Display: Found up-to-date module file ../../../Engine/Plugins/Media/AvfMedia/Binaries/Win64/UE4Editor-AvfMediaEditor.dll (API version 3944462).
LogModuleManager: Display: Found up-to-date module file ../../../Engine/Plugins/Media/AvfMedia/Binaries/Win64/UE4Editor-AvfMediaFactory.dll (API version 3944462).
LogModuleManager: Display: Found up-to-date module file ../../../Engine/Plugins/Media/AvfMedia/Binaries/Win64/UE4Editor-AvfMediaFactory.dll (API version 3944462).
LogModuleManager: Display: Found up-to-date module file ../../../Engine/Plugins/Media/ImgMedia/Binaries/Win64/UE4Editor-ImgMedia.dll (API version 3944462).
LogModuleManager: Display: Found up-to-date module file ../../../Engine/Plugins/Media/ImgMedia/Binaries/Win64/UE4Editor-ImgMediaEditor.dll (API version 3944462).
LogModuleManager: Display: Found up-to-date module file ../../../Engine/Plugins/Media/ImgMedia/Binaries/Win64/UE4Editor-ImgMediaFactory.dll (API version 3944462).
LogModuleManager: Display: Found up-to-date module file ../../../Engine/Plugins/Media/ImgMedia/Binaries/Win64/UE4Editor-ImgMediaFactory.dll (API version 3944462).
LogModuleManager: Display: Found up-to-date module file ../../../Engine/Plugins/Media/ImgMedia/Binaries/Win64/UE4Editor-OpenExrWrapper.dll (API version 3944462).
LogModuleManager: Display: Found up-to-date module file ../../../Engine/Plugins/Media/LinearTimecode/Binaries/Win64/UE4Editor-LinearTimecode.dll (API version 3944462).
LogModuleManager: Display: Found up-to-date module file ../../../Engine/Plugins/Media/MediaCompositing/Binaries/Win64/UE4Editor-MediaCompositing.dll (API version 3944462).
LogModuleManager: Display: Found up-to-date module file ../../../Engine/Plugins/Media/MediaCompositing/Binaries/Win64/UE4Editor-MediaCompositingEditor.dll (API version 3944462).
LogModuleManager: Display: Found up-to-date module file ../../../Engine/Plugins/Media/MediaPlayerEditor/Binaries/Win64/UE4Editor-MediaPlayerEditor.dll (API version 3944462).
LogModuleManager: Display: Found up-to-date module file ../../../Engine/Plugins/Media/WmfMedia/Binaries/Win64/UE4Editor-WmfMedia.dll (API version 3944462).
LogModuleManager: Display: Found up-to-date module file ../../../Engine/Plugins/Media/WmfMedia/Binaries/Win64/UE4Editor-WmfMediaEditor.dll (API version 3944462).
LogModuleManager: Display: Found up-to-date module file ../../../Engine/Plugins/Media/WmfMedia/Binaries/Win64/UE4Editor-WmfMediaFactory.dll (API version 3944462).
LogModuleManager: Display: Found up-to-date module file ../../../Engine/Plugins/Media/WmfMedia/Binaries/Win64/UE4Editor-WmfMediaFactory.dll (API version 3944462).
LogModuleManager: Display: Found up-to-date module file ../../../Engine/Plugins/Messaging/TcpMessaging/Binaries/Win64/UE4Editor-TcpMessaging.dll (API version 3944462).
LogModuleManager: Display: Found up-to-date module file ../../../Engine/Plugins/Messaging/UdpMessaging/Binaries/Win64/UE4Editor-UdpMessaging.dll (API version 3944462).
LogModuleManager: Display: Found up-to-date module file ../../../Engine/Plugins/MovieScene/ActorSequence/Binaries/Win64/UE4Editor-ActorSequence.dll (API version 3944462).
LogModuleManager: Display: Found up-to-date module file ../../../Engine/Plugins/MovieScene/LevelSequenceEditor/Binaries/Win64/UE4Editor-LevelSequenceEditor.dll (API version 3944462).
LogModuleManager: Display: Found up-to-date module file ../../../Engine/Plugins/MovieScene/MatineeToLevelSequence/Binaries/Win64/UE4Editor-MatineeToLevelSequence.dll (API version 3944462).
LogModuleManager: Display: Found up-to-date module file ../../../Engine/Plugins/NetcodeUnitTest/NetcodeUnitTest/Binaries/Win64/UE4Editor-NetcodeUnitTest.dll (API version 3944462).
LogModuleManager: Display: Found up-to-date module file ../../../Engine/Plugins/NetcodeUnitTest/NUTUnrealEngine4/Binaries/Win64/UE4Editor-NUTUnrealEngine4.dll (API version 3944462).
LogModuleManager: Display: Found up-to-date module file ../../../Engine/Plugins/Online/OnlineSubsystem/Binaries/Win64/UE4Editor-OnlineSubsystem.dll (API version 3944462).
LogModuleManager: Display: Found up-to-date module file ../../../Engine/Plugins/Runtime/AndroidPermission/Binaries/Win64/UE4Editor-AndroidPermission.dll (API version 3944462).
LogModuleManager: Display: Found up-to-date module file ../../../Engine/Plugins/Online/OnlineSubsystemNull/Binaries/Win64/UE4Editor-OnlineSubsystemNull.dll (API version 3944462).
LogModuleManager: Display: Found up-to-date module file ../../../Engine/Plugins/Online/OnlineSubsystemUtils/Binaries/Win64/UE4Editor-OnlineSubsystemUtils.dll (API version 3944462).
LogModuleManager: Display: Found up-to-date module file ../../../Engine/Plugins/Online/OnlineSubsystemUtils/Binaries/Win64/UE4Editor-OnlineBlueprintSupport.dll (API version 3944462).
LogModuleManager: Display: Found up-to-date module file ../../../Engine/Plugins/Runtime/AndroidDeviceProfileSelector/Binaries/Win64/UE4Editor-AndroidDeviceProfileSelector.dll (API version 3944462).
LogModuleManager: Display: Found up-to-date module file ../../../Engine/Plugins/Runtime/AppleARKit/Binaries/Win64/UE4Editor-AppleARKit.dll (API version 3944462).
LogModuleManager: Display: Found up-to-date module file ../../../Engine/Plugins/Runtime/ProceduralMeshComponent/Binaries/Win64/UE4Editor-ProceduralMeshComponent.dll (API version 3944462).
LogModuleManager: Display: Found up-to-date module file ../../../Engine/Plugins/Runtime/ProceduralMeshComponent/Binaries/Win64/UE4Editor-ProceduralMeshComponentEditor.dll (API version 3944462).
LogModuleManager: Display: Found up-to-date module file ../../../Engine/Plugins/Animation/LiveLink/Binaries/Win64/UE4Editor-LiveLink.dll (API version 3944462).
LogModuleManager: Display: Found up-to-date module file ../../../Engine/Plugins/Animation/LiveLink/Binaries/Win64/UE4Editor-LiveLinkEditor.dll (API version 3944462).
LogModuleManager: Display: Found up-to-date module file ../../../Engine/Plugins/Runtime/ArchVisCharacter/Binaries/Win64/UE4Editor-ArchVisCharacter.dll (API version 3944462).
LogModuleManager: Display: Found up-to-date module file ../../../Engine/Plugins/Runtime/AudioCapture/Binaries/Win64/UE4Editor-AudioCapture.dll (API version 3944462).
LogModuleManager: Display: Found up-to-date module file ../../../Engine/Plugins/Runtime/AudioCapture/Binaries/Win64/UE4Editor-AudioCaptureEditor.dll (API version 3944462).
LogModuleManager: Display: Found up-to-date module file ../../../Engine/Plugins/Runtime/CableComponent/Binaries/Win64/UE4Editor-CableComponent.dll (API version 3944462).
LogModuleManager: Display: Found up-to-date module file ../../../Engine/Plugins/Runtime/CustomMeshComponent/Binaries/Win64/UE4Editor-CustomMeshComponent.dll (API version 3944462).
LogModuleManager: Display: Found up-to-date module file ../../../Engine/Plugins/Runtime/ExampleDeviceProfileSelector/Binaries/Win64/UE4Editor-ExampleDeviceProfileSelector.dll (API version 3944462).
LogModuleManager: Display: Found up-to-date module file ../../../Engine/Plugins/Runtime/ImmediatePhysics/Binaries/Win64/UE4Editor-ImmediatePhysics.dll (API version 3944462).
LogModuleManager: Display: Found up-to-date module file ../../../Engine/Plugins/Runtime/ImmediatePhysics/Binaries/Win64/UE4Editor-ImmediatePhysicsEditor.dll (API version 3944462).
LogModuleManager: Display: Found up-to-date module file ../../../Engine/Plugins/Runtime/LocationServicesBPLibrary/Binaries/Win64/UE4Editor-LocationServicesBPLibrary.dll (API version 3944462).
LogModuleManager: Display: Found up-to-date module file ../../../Engine/Plugins/Runtime/MobilePatchingUtils/Binaries/Win64/UE4Editor-MobilePatchingUtils.dll (API version 3944462).
LogModuleManager: Display: Found up-to-date module file ../../../Engine/Plugins/Runtime/Oculus/OculusVR/Binaries/Win64/UE4Editor-OculusHMD.dll (API version 3944462).
LogModuleManager: Display: Found up-to-date module file ../../../Engine/Plugins/Runtime/Oculus/OculusVR/Binaries/Win64/UE4Editor-OculusInput.dll (API version 3944462).
LogModuleManager: Display: Found up-to-date module file ../../../Engine/Plugins/Runtime/Oculus/OculusVR/Binaries/Win64/UE4Editor-OculusEditor.dll (API version 3944462).
LogModuleManager: Display: Found up-to-date module file ../../../Engine/Plugins/Runtime/PhysXVehicles/Binaries/Win64/UE4Editor-PhysXVehicles.dll (API version 3944462).
LogModuleManager: Display: Found up-to-date module file ../../../Engine/Plugins/Runtime/PhysXVehicles/Binaries/Win64/UE4Editor-PhysXVehiclesEditor.dll (API version 3944462).
LogModuleManager: Display: Found up-to-date module file ../../../Engine/Plugins/Runtime/RuntimePhysXCooking/Binaries/Win64/UE4Editor-RuntimePhysXCooking.dll (API version 3944462).
LogModuleManager: Display: Found up-to-date module file ../../../Engine/Plugins/Runtime/Steam/SteamVR/Binaries/Win64/UE4Editor-SteamVR.dll (API version 3944462).
LogModuleManager: Display: Found up-to-date module file ../../../Engine/Plugins/Runtime/Steam/SteamVR/Binaries/Win64/UE4Editor-SteamVRController.dll (API version 3944462).
LogModuleManager: Display: Found up-to-date module file ../../../Engine/Plugins/Runtime/WindowsMoviePlayer/Binaries/Win64/UE4Editor-WindowsMoviePlayer.dll (API version 3944462).
LogPluginManager: Mounting plugin Paper2D
LogPluginManager: Mounting plugin LiveLink
LogPluginManager: Mounting plugin LightPropagationVolume
LogPluginManager: Mounting plugin CLionSourceCodeAccess
LogPluginManager: Mounting plugin CodeLiteSourceCodeAccess
LogPluginManager: Mounting plugin GitSourceControl
LogPluginManager: Mounting plugin KDevelopSourceCodeAccess
LogPluginManager: Mounting plugin NullSourceCodeAccess
LogPluginManager: Mounting plugin PerforceSourceControl
LogPluginManager: Mounting plugin SubversionSourceControl
LogPluginManager: Mounting plugin UObjectPlugin
LogPluginManager: Mounting plugin VisualStudioCodeSourceCodeAccess
LogPluginManager: Mounting plugin VisualStudioSourceCodeAccess
LogPluginManager: Mounting plugin XCodeSourceCodeAccess
LogPluginManager: Mounting plugin AssetManagerEditor
LogPluginManager: Mounting plugin CryptoKeys
LogPluginManager: Mounting plugin DataValidation
LogPluginManager: Mounting plugin FacialAnimation
LogPluginManager: Mounting plugin GameplayTagsEditor
LogPluginManager: Mounting plugin MobileLauncherProfileWizard
LogPluginManager: Mounting plugin PluginBrowser
LogPluginManager: Mounting plugin SpeedTreeImporter
LogPluginManager: Mounting plugin DatasmithContent
LogPluginManager: Mounting plugin AlembicImporter
LogPluginManager: Mounting plugin CharacterAI
LogPluginManager: Mounting plugin HTML5Networking
LogPluginManager: Mounting plugin AndroidMedia
LogPluginManager: Mounting plugin AvfMedia
LogPluginManager: Mounting plugin ImgMedia
LogPluginManager: Mounting plugin LinearTimecode
LogPluginManager: Mounting plugin MediaCompositing
LogPluginManager: Mounting plugin MediaPlayerEditor
LogPluginManager: Mounting plugin WmfMedia
LogPluginManager: Mounting plugin TcpMessaging
LogPluginManager: Mounting plugin UdpMessaging
LogPluginManager: Mounting plugin ActorSequence
LogPluginManager: Mounting plugin LevelSequenceEditor
LogPluginManager: Mounting plugin MatineeToLevelSequence
LogPluginManager: Mounting plugin NetcodeUnitTest
LogPluginManager: Mounting plugin NUTUnrealEngine4
LogPluginManager: Mounting plugin OnlineSubsystemGooglePlay
LogPluginManager: Mounting plugin OnlineSubsystemIOS
LogPluginManager: Mounting plugin OnlineSubsystem
LogPluginManager: Mounting plugin OnlineSubsystemNull
LogPluginManager: Mounting plugin OnlineSubsystemUtils
LogPluginManager: Mounting plugin AndroidDeviceProfileSelector
LogPluginManager: Mounting plugin AndroidMoviePlayer
LogPluginManager: Mounting plugin AndroidPermission
LogPluginManager: Mounting plugin AppleARKit
LogPluginManager: Mounting plugin AppleMoviePlayer
LogPluginManager: Mounting plugin ArchVisCharacter
LogPluginManager: Mounting plugin AudioCapture
LogPluginManager: Mounting plugin CableComponent
LogPluginManager: Mounting plugin CustomMeshComponent
LogPluginManager: Mounting plugin ExampleDeviceProfileSelector
LogPluginManager: Mounting plugin GoogleCloudMessaging
LogPluginManager: Mounting plugin ImmediatePhysics
LogPluginManager: Mounting plugin IOSDeviceProfileSelector
LogPluginManager: Mounting plugin LinuxDeviceProfileSelector
LogPluginManager: Mounting plugin LocationServicesBPLibrary
LogPluginManager: Mounting plugin MobilePatchingUtils
LogPluginManager: Mounting plugin OculusVR
LogPluginManager: Plugin shader directory ../../../Engine/Plugins/Runtime/Oculus/OculusVR/Shaders found
LogPluginManager: Mapping shader source directory ../../../Engine/Plugins/Runtime/Oculus/OculusVR/Shaders to virtual directory /Plugin/OculusVR
LogPluginManager: Mounting plugin PhysXVehicles
LogPluginManager: Mounting plugin ProceduralMeshComponent
LogPluginManager: Mounting plugin RuntimePhysXCooking
LogPluginManager: Mounting plugin SteamVR
LogPluginManager: Mounting plugin WindowsMoviePlayer
LogStreaming: Display: Took  1.792s to configure plugins.
LogInit: Using libcurl 7.47.1
LogInit:  - built for x86_64-pc-win32
LogInit:  - supports SSL with OpenSSL/1.0.2g
LogInit:  - supports HTTP deflate (compression) using libz 1.2.8
LogInit:  - other features:
LogInit:      CURL_VERSION_SSL
LogInit:      CURL_VERSION_LIBZ
LogInit:      CURL_VERSION_IPV6
LogInit:      CURL_VERSION_ASYNCHDNS
LogInit:      CURL_VERSION_LARGEFILE
LogInit:      CURL_VERSION_IDN
LogInit:  CurlRequestOptions (configurable via config and command line):
LogInit:  - bVerifyPeer = false  - Libcurl will NOT verify peer certificate
LogInit:  - bUseHttpProxy = false  - Libcurl will NOT use HTTP proxy
LogInit:  - bDontReuseConnections = false  - Libcurl will reuse connections
LogInit:  - CertBundlePath = nullptr  - Libcurl will use whatever was configured at build time.
LogInit:  - MaxHostConnections = 16  - Libcurl will limit the number of connections to a host
LogInit:  - LocalHostAddr = Default
LogInit: WinSock: version 1.1 (2.2), MaxSocks=32767, MaxUdp=65467
LogInit: WinSock: I am DESKTOP-DIQ0478 (192.168.0.17:0)
LogInit: Build: ++UE4+Release-4.19-CL-3989454
LogInit: Engine Version: 4.19.1-3989454+++UE4+Release-4.19
LogInit: Compatible Engine Version: 4.19.0-3944462+++UE4+Release-4.19
LogInit: Net CL: 3944462
LogDevObjectVersion: Number of dev versions registered: 18
LogDevObjectVersion:   Dev-Blueprints (B0D832E4-1F89-4F0D-ACCF-7EB736FD4AA2): 10
LogDevObjectVersion:   Dev-Build (E1C64328-A22C-4D53-A36C-8E866417BD8C): 0
LogDevObjectVersion:   Dev-Core (375EC13C-06E4-48FB-B500-84F0262A717E): 2
LogDevObjectVersion:   Dev-Editor (E4B068ED-F494-42E9-A231-DA0B2E46BB41): 23
LogDevObjectVersion:   Dev-Framework (CFFC743F-43B0-4480-9391-14DF171D2073): 33
LogDevObjectVersion:   Dev-Mobile (B02B49B5-BB20-44E9-A304-32B752E40360): 2
LogDevObjectVersion:   Dev-Networking (A4E4105C-59A1-49B5-A7C5-40C4547EDFEE): 0
LogDevObjectVersion:   Dev-Online (39C831C9-5AE6-47DC-9A44-9C173E1C8E7C): 0
LogDevObjectVersion:   Dev-Physics (78F01B33-EBEA-4F98-B9B4-84EACCB95AA2): 0
LogDevObjectVersion:   Dev-Platform (6631380F-2D4D-43E0-8009-CF276956A95A): 0
LogDevObjectVersion:   Dev-Rendering (12F88B9F-8875-4AFC-A67C-D90C383ABD29): 25
LogDevObjectVersion:   Dev-Sequencer (7B5AE74C-D270-4C10-A958-57980B212A5A): 6
LogDevObjectVersion:   Dev-VR (D7296918-1DD6-4BDD-9DE2-64A83CC13884): 1
LogDevObjectVersion:   Dev-LoadTimes (C2A15278-BFE7-4AFE-6C17-90FF531DF755): 1
LogDevObjectVersion:   Private-Geometry (6EACA3D4-40EC-4CC1-B786-8BED09428FC5): 2
LogDevObjectVersion:   Dev-AnimPhys (29E575DD-E0A3-4627-9D10-D276232CDCEA): 16
LogDevObjectVersion:   Dev-ReflectionCapture (6B266CEC-1EC7-4B8F-A30B-E4D90942FC07): 1
LogDevObjectVersion:   Dev-Automation (0DF73D61-A23F-47EA-B727-89E90C41499A): 1
LogInit: Compiled (64-bit): Apr  6 2018 12:26:04
LogInit: Compiled with Visual C++: 19.00.24215.01
LogInit: Build Configuration: Development
LogInit: Branch Name: ++UE4+Release-4.19
LogInit: Command Line:  
LogInit: Base Directory: C:/Program Files/Epic Games/UE_4.19/Engine/Binaries/Win64/
LogInit: Installed Engine Build: 1
LogStreaming: Display: Took  0.015s to delete old logs.
LogInit: Presizing for max 8388607 objects, including 0 objects not considered by GC, pre-allocating 0 bytes for permanent pool.
LogInit: Object subsystem initialized
[2018.04.17-01.04.13:522][  0]LogInit: Selected Device Profile: [Windows]
[2018.04.17-01.04.13:522][  0]LogInit: Applying CVar settings loaded from the selected device profile: [Windows]
[2018.04.17-01.04.13:618][  0]LogInit: Computer: DESKTOP-DIQ0478
[2018.04.17-01.04.13:618][  0]LogInit: User: vinny
[2018.04.17-01.04.13:618][  0]LogInit: CPU Page size=4096, Cores=2
[2018.04.17-01.04.13:618][  0]LogInit: High frequency timer resolution =2.143476 MHz
[2018.04.17-01.04.13:618][  0]LogMemory: Memory total: Physical=7.9GB (8GB approx)
[2018.04.17-01.04.13:618][  0]LogMemory: Platform Memory Stats for Windows
[2018.04.17-01.04.13:618][  0]LogMemory: Process Physical Memory: 273.24 MB used, 273.24 MB peak
[2018.04.17-01.04.13:618][  0]LogMemory: Process Virtual Memory: 265.89 MB used, 265.89 MB peak
[2018.04.17-01.04.13:618][  0]LogMemory: Physical Memory: 5328.25 MB used,  2774.20 MB free, 8102.44 MB total
[2018.04.17-01.04.13:618][  0]LogMemory: Virtual Memory: 681.68 MB used,  2774.20 MB free, 134217728.00 MB total
[2018.04.17-01.04.13:641][  0]LogInit: Using OS detected language (pt-BR).
[2018.04.17-01.04.13:641][  0]LogInit: Using OS detected locale (pt-BR).
[2018.04.17-01.04.14:271][  0]LogStreaming: Display: Took  0.631s to EndInitTextLocalization.
[2018.04.17-01.04.14:272][  0]LogInit: Setting process to per monitor DPI aware
[2018.04.17-01.04.14:476][  0]LogSlate: New Slate User Created.  User Index 0, Is Virtual User: 0
[2018.04.17-01.04.14:476][  0]LogSlate: Slate User Registered.  User Index 0, Is Virtual User: 0
[2018.04.17-01.04.22:097][  0]LogD3D11RHI: D3D11 adapters:
[2018.04.17-01.04.22:250][  0]LogD3D11RHI:    0. 'NVIDIA GeForce 920M' (Feature Level 11_0)
[2018.04.17-01.04.22:250][  0]LogD3D11RHI:       2020/0/4051 MB DedicatedVideo/DedicatedSystem/SharedSystem, Outputs:1, VendorId:0x10de
[2018.04.17-01.04.22:257][  0]LogD3D11RHI:    1. 'Intel(R) HD Graphics 5500' (Feature Level 11_0)
[2018.04.17-01.04.22:257][  0]LogD3D11RHI:       128/0/4051 MB DedicatedVideo/DedicatedSystem/SharedSystem, Outputs:0, VendorId:0x8086
[2018.04.17-01.04.22:260][  0]LogD3D11RHI:    2. 'Microsoft Basic Render Driver' (Feature Level 11_0)
[2018.04.17-01.04.22:260][  0]LogD3D11RHI:       0/0/4051 MB DedicatedVideo/DedicatedSystem/SharedSystem, Outputs:0, VendorId:0x1414
[2018.04.17-01.04.22:260][  0]LogD3D11RHI: Chosen D3D11 Adapter: 0
[2018.04.17-01.04.22:269][  0]LogD3D11RHI: Creating new Direct3DDevice
[2018.04.17-01.04.22:270][  0]LogD3D11RHI:     GPU DeviceId: 0x1299 (for the marketing name, search the web for "GPU Device Id")
[2018.04.17-01.04.22:270][  0]LogWindows: EnumDisplayDevices:
[2018.04.17-01.04.22:270][  0]LogWindows:    0. 'Intel(R) HD Graphics 5500' (P:1 D:1)
[2018.04.17-01.04.22:270][  0]LogWindows:    1. 'Intel(R) HD Graphics 5500' (P:0 D:0)
[2018.04.17-01.04.22:270][  0]LogWindows:    2. 'Intel(R) HD Graphics 5500' (P:0 D:0)
[2018.04.17-01.04.22:270][  0]LogWindows: DebugString: GetVideoDriverDetailsInvalid PrimaryIsNotTheChoosenAdapter GetVideoDriverDetailsInvalid PrimaryIsNotTheChoosenAdapter GetVideoDriverDetailsInvalid PrimaryIsNotTheChoosenAdapter FoundDriverCount:0 
[2018.04.17-01.04.22:270][  0]LogD3D11RHI:     Adapter Name: NVIDIA GeForce 920M
[2018.04.17-01.04.22:270][  0]LogD3D11RHI:   Driver Version: Unknown (internal:Unknown, unified:Unknown)
[2018.04.17-01.04.22:270][  0]LogD3D11RHI:      Driver Date: Unknown
[2018.04.17-01.04.22:270][  0]LogRHI: Texture pool is 1414 MB (70% of 2020 MB)
[2018.04.17-01.04.22:310][  0]LogD3D11RHI: [Aftermath] Aftermath enabled but failed to initialize
[2018.04.17-01.04.22:310][  0]LogD3D11RHI: [Aftermath] Aftermath enabled and primed
[2018.04.17-01.04.22:310][  0]LogD3D11RHI: Async texture creation enabled
[2018.04.17-01.04.22:326][  0]LogD3D11RHI: GPU Timing Frequency: 1000.000000 (Debug: 2 1)
[2018.04.17-01.04.22:327][  0]LogShaderCompilers: Guid format shader working directory is -9 characters bigger than the processId version (../../../../../../Users/vinny/Documents/GitHub/UDK-Git/Intermediate/Shaders/WorkingDirectory/10604/).
[2018.04.17-01.04.22:327][  0]LogShaderCompilers: Cleaned the shader compiler working directory 'C:/Users/vinny/AppData/Local/Temp/UnrealShaderWorkingDir/48A4075B47242B8329BC7C85499375A9/'.
[2018.04.17-01.04.24:044][  0]LogTemp: Display: Loaded TP AllDesktopTargetPlatform
[2018.04.17-01.04.24:075][  0]LogTemp: Display: Loaded TP MacClientTargetPlatform
[2018.04.17-01.04.24:099][  0]LogTemp: Display: Loaded TP MacNoEditorTargetPlatform
[2018.04.17-01.04.24:126][  0]LogTemp: Display: Loaded TP MacServerTargetPlatform
[2018.04.17-01.04.24:171][  0]LogTemp: Display: Loaded TP MacTargetPlatform
[2018.04.17-01.04.24:226][  0]LogTemp: Display: Loaded TP WindowsClientTargetPlatform
[2018.04.17-01.04.24:275][  0]LogTemp: Display: Loaded TP WindowsNoEditorTargetPlatform
[2018.04.17-01.04.24:321][  0]LogTemp: Display: Loaded TP WindowsServerTargetPlatform
[2018.04.17-01.04.24:341][  0]LogTemp: Display: Loaded TP WindowsTargetPlatform
[2018.04.17-01.04.24:381][  0]LogTemp: Display: Loaded TP Android_ASTCTargetPlatform
[2018.04.17-01.04.24:422][  0]LogTemp: Display: Loaded TP Android_ATCTargetPlatform
[2018.04.17-01.04.24:451][  0]LogTemp: Display: Loaded TP Android_DXTTargetPlatform
[2018.04.17-01.04.24:479][  0]LogTemp: Display: Loaded TP Android_ETC1aTargetPlatform
[2018.04.17-01.04.24:504][  0]LogTemp: Display: Loaded TP Android_ETC1TargetPlatform
[2018.04.17-01.04.24:527][  0]LogTemp: Display: Loaded TP Android_ETC2TargetPlatform
[2018.04.17-01.04.24:580][  0]LogTemp: Display: Loaded TP Android_MultiTargetPlatform
[2018.04.17-01.04.24:580][  0]LogTemp: Display: Loaded TP Android_PVRTCTargetPlatform
[2018.04.17-01.04.24:628][  0]LogTemp: Display: Loaded TP AndroidTargetPlatform
[2018.04.17-01.04.24:642][  0]LogTemp: Display: Loaded TP HTML5TargetPlatform
[2018.04.17-01.04.24:788][  0]LogTemp: Display: Loaded TP IOSTargetPlatform
[2018.04.17-01.04.24:827][  0]LogTemp: Display: Loaded TP TVOSTargetPlatform
[2018.04.17-01.04.24:893][  0]LogTemp: Display: Loaded TP LinuxClientTargetPlatform
[2018.04.17-01.04.24:945][  0]LogTemp: Display: Loaded TP LinuxNoEditorTargetPlatform
[2018.04.17-01.04.24:986][  0]LogTemp: Display: Loaded TP LinuxServerTargetPlatform
[2018.04.17-01.04.25:050][  0]LogTemp: Display: Loaded TP LinuxTargetPlatform
[2018.04.17-01.04.25:051][  0]LogTargetPlatformManager: Display: Building Assets For Windows
[2018.04.17-01.04.25:813][  0]LogXGEController: Cannot use XGE Controller as Incredibuild is not installed on this machine.
[2018.04.17-01.04.25:813][  0]LogShaderCompilers: Cannot use XGE Shader Compiler as Incredibuild is not installed on this machine.
[2018.04.17-01.04.25:813][  0]LogShaderCompilers: Display: Using Local Shader Compiler.
[2018.04.17-01.04.29:343][  0]LogDerivedDataCache: Display: Max Cache Size: 512 MB
[2018.04.17-01.04.29:776][  0]LogDerivedDataCache: Loaded boot cache 0.43s 74MB C:/Users/vinny/AppData/Local/UnrealEngine/4.19/DerivedDataCache/Boot.ddc.
[2018.04.17-01.04.29:776][  0]LogDerivedDataCache: Display: Loaded Boot cache: C:/Users/vinny/AppData/Local/UnrealEngine/4.19/DerivedDataCache/Boot.ddc
[2018.04.17-01.04.29:776][  0]LogDerivedDataCache: FDerivedDataBackendGraph:  Pak pak cache file ../../../../../../Users/vinny/Documents/GitHub/UDK-Git/DerivedDataCache/DDC.ddp not found, will not use a pak cache.
[2018.04.17-01.04.29:776][  0]LogDerivedDataCache: Unable to find inner node Pak for hierarchical cache Hierarchy.
[2018.04.17-01.04.29:776][  0]LogDerivedDataCache: FDerivedDataBackendGraph:  CompressedPak pak cache file ../../../../../../Users/vinny/Documents/GitHub/UDK-Git/DerivedDataCache/Compressed.ddp not found, will not use a pak cache.
[2018.04.17-01.04.29:776][  0]LogDerivedDataCache: Unable to find inner node CompressedPak for hierarchical cache Hierarchy.
[2018.04.17-01.04.29:824][  0]LogDerivedDataCache: Display: Pak cache opened for reading ../../../Engine/DerivedDataCache/Compressed.ddp.
[2018.04.17-01.04.29:836][  0]LogDerivedDataCache: Using Local data cache path C:/Users/vinny/AppData/Local/UnrealEngine/Common/DerivedDataCache: Writable
[2018.04.17-01.04.29:853][  0]LogMaterial: Verifying Global Shaders for PCD3D_SM5
[2018.04.17-01.04.29:854][  0]LogSlate: Using Freetype 2.6.0
[2018.04.17-01.04.29:916][  0]LogSlate: SlateFontCache - WITH_FREETYPE: 1, WITH_HARFBUZZ: 1
[2018.04.17-01.04.29:916][  0]LogSlate: SlateFontCache - WITH_FREETYPE: 1, WITH_HARFBUZZ: 1
[2018.04.17-01.04.39:010][  0]LogAssetRegistry: FAssetRegistry took 0.0298 seconds to start up
[2018.04.17-01.04.42:329][  0]LogInit: Selected Device Profile: [Windows]
[2018.04.17-01.04.42:898][  0]LogSimplygon: Simplygon DLL not present - disabling.
[2018.04.17-01.04.42:904][  0]LogMeshReduction: Using SimplygonSwarm for distributed automatic mesh merging
[2018.04.17-01.04.42:904][  0]LogMeshReduction: Using QuadricMeshReduction for automatic static mesh reduction
[2018.04.17-01.04.42:904][  0]LogMeshReduction: No automatic skeletal mesh reduction module available
[2018.04.17-01.04.42:904][  0]LogMeshReduction: No automatic mesh merging module available
[2018.04.17-01.04.42:904][  0]LogMeshMerging: No automatic mesh merging module available
[2018.04.17-01.04.42:950][  0]LogNetVersion: EscapeTheRoom , NetCL: 3944462, EngineNetVer: 2, GameNetVer: 0 (Checksum: 1039310311)
[2018.04.17-01.04.43:756][  0]LogPackageLocalizationCache: Processed 9 localized package path(s) for 2 prioritized culture(s) in 0.162759 seconds
[2018.04.17-01.04.43:764][  0]LogUObjectArray: 36728 objects as part of root set at end of initial load.
[2018.04.17-01.04.43:764][  0]LogUObjectAllocator: 7314304 out of 0 bytes used by permanent object pool.
[2018.04.17-01.04.43:764][  0]LogUObjectArray: CloseDisregardForGC: 0/0 objects in disregard for GC pool
[2018.04.17-01.05.16:867][  0]LogTcpMessaging: Initializing TcpMessaging bridge
[2018.04.17-01.05.16:909][  0]LogUdpMessaging: Initializing bridge on interface 0.0.0.0:0 to multicast group 230.0.0.1:6666.
[2018.04.17-01.05.17:868][  0]SourceControl: Controle de origem desativado
[2018.04.17-01.05.17:869][  0]SourceControl: Controle de origem desativado
[2018.04.17-01.05.17:948][  0]SourceControl: Controle de origem desativado
[2018.04.17-01.05.17:995][  0]SourceControl: Controle de origem desativado
[2018.04.17-01.05.19:383][  0]LogAndroidPermission: UAndroidPermissionCallbackProxy::GetInstance
[2018.04.17-01.05.19:807][  0]LogOcInput: OculusInput pre-init called
[2018.04.17-01.05.20:107][  0]LogEngine: Initializing Engine...
[2018.04.17-01.05.20:109][  0]LogHMD: Failed to initialize OpenVR with code 110
[2018.04.17-01.05.20:126][  0]LogStats: UGameplayTagsManager::ConstructGameplayTagTree: Construct from data asset -  0.000 s
[2018.04.17-01.05.20:126][  0]LogStats: UGameplayTagsManager::ConstructGameplayTagTree: GameplayTagTreeChangedEvent.Broadcast -  0.000 s
[2018.04.17-01.05.20:556][  0]LogAIModule: Creating AISystem for world Untitled
[2018.04.17-01.05.20:575][  0]LogInit: XAudio2 using 'Fones de ouvido / Alto falantes (Realtek High Definition Audio)' : 2 channels at 48 kHz using 32 bits per sample (channel mask 0x3)
[2018.04.17-01.05.20:604][  0]LogInit: FAudioDevice initialized.
[2018.04.17-01.05.20:836][  0]LogDerivedDataCache: Saved boot cache 0.23s 74MB C:/Users/vinny/AppData/Local/UnrealEngine/4.19/DerivedDataCache/Boot.ddc.
[2018.04.17-01.05.20:859][  0]LogInit: Texture streaming: Enabled
[2018.04.17-01.05.20:930][  0]LogEngineSessionManager: EngineSessionManager initialized
[2018.04.17-01.05.21:012][  0]LogInit: Transaction tracking system initialized
[2018.04.17-01.05.21:302][  0]BlueprintLog: New page: Carregar Editor
[2018.04.17-01.05.22:301][  0]LocalizationService: Localization service is disabled
[2018.04.17-01.05.23:031][  0]LogConsoleResponse: Display: 
[2018.04.17-01.05.24:860][  0]LogCook: Display: Max memory allowance for cook 16384mb min free memory 0mb
[2018.04.17-01.05.24:860][  0]LogCook: Display: Mobile HDR setting 1
[2018.04.17-01.05.24:860][  0]LogGameplayTags: Display: UGameplayTagsManager::DoneAddingNativeTags. DelegateIsBound: 0
[2018.04.17-01.05.24:860][  0]LogStats: UGameplayTagsManager::ConstructGameplayTagTree: Construct from data asset -  0.000 s
[2018.04.17-01.05.24:860][  0]LogStats: UGameplayTagsManager::ConstructGameplayTagTree: GameplayTagTreeChangedEvent.Broadcast -  0.000 s
[2018.04.17-01.05.25:634][  0]LogFileCache: Scanning file cache for directory 'C:/Users/vinny/Documents/GitHub/UDK-Git/Content/' took 0.02s
[2018.04.17-01.05.26:721][  0]SourceControl: Controle de origem desativado
[2018.04.17-01.05.26:721][  0]Cmd: MAP LOAD FILE="../../../../../../Users/vinny/Documents/GitHub/UDK-Git/Content/Map/Room.umap" TEMPLATE=0 SHOWPROGRESS=1 FEATURELEVEL=3
[2018.04.17-01.05.26:765][  0]LightingResults: New page: Compilação de Iluminação
[2018.04.17-01.05.26:789][  0]MapCheck: New page: Verificação de Mapa
[2018.04.17-01.05.26:789][  0]LightingResults: New page: Compilação de Iluminação
[2018.04.17-01.05.27:317][  0]LogLinker: Warning: Não é possível encontrar o arquivo “/Game/Map/Room_BuiltData”
[2018.04.17-01.05.27:317][  0]LogLinker: Warning: Não é possível encontrar o arquivo do ativo “../../../../../../Users/vinny/Documents/GitHub/UDK-Git/Content/Map/Room.umap” ao carregar /Game/Map/Room_BuiltData.
[2018.04.17-01.05.27:317][  0]LoadErrors: Error: /Game/Map/Room : Não é possível encontrar o arquivo do ativo. /Game/Map/Room_BuiltData
[2018.04.17-01.05.34:500][  0]LogLinker: Warning: Não é possível encontrar o arquivo “/Game/Map/Room_BuiltData”
[2018.04.17-01.05.34:500][  0]LogLinker: Warning: Não é possível encontrar o arquivo do ativo “../../../../../../Users/vinny/Documents/GitHub/UDK-Git/Content/Map/Room.umap” ao carregar /Game/Map/Room_BuiltData.
[2018.04.17-01.05.34:500][  0]LoadErrors: Error: /Game/Map/Room : Não é possível encontrar o arquivo do ativo. /Game/Map/Room_BuiltData
[2018.04.17-01.05.34:867][  0]LogLinker: Warning: Não é possível encontrar o arquivo “/Game/Map/Room_BuiltData”
[2018.04.17-01.05.34:867][  0]LogLinker: Warning: Não é possível encontrar o arquivo do ativo “NULL” ao carregar /Game/Map/Room_BuiltData.
[2018.04.17-01.05.34:867][  0]LogLinker: Warning: Não é possível encontrar o arquivo “/Game/Map/Room_BuiltData”
[2018.04.17-01.05.34:867][  0]LogLinker: Warning: Não é possível encontrar o arquivo do ativo “NULL” ao carregar /Game/Map/Room_BuiltData.
[2018.04.17-01.05.34:995][  0]LogLinker: Warning: Não é possível encontrar o arquivo “/Game/Map/Room_BuiltData”
[2018.04.17-01.05.34:995][  0]LoadErrors: Falha ao carregar /Game/Map/Room_BuiltData.Room_BuiltData Referenciado por PersistentLevel
[2018.04.17-01.05.34:995][  0]LogLinker: Warning: Não é possível encontrar o arquivo do ativo “NULL” ao carregar /Game/Map/Room_BuiltData.
[2018.04.17-01.05.34:995][  0]LoadErrors: Falha ao carregar /Game/Map/Room_BuiltData.Room_BuiltData Referenciado por PersistentLevel
[2018.04.17-01.05.44:602][  0]LogMaterial: Missing cached shader map for material Lamp_Illum_Mat, compiling. 
[2018.04.17-01.05.44:643][  0]LogMaterial: Warning: C:\Users\vinny\Documents\GitHub\UDK-Git\Content\escapeThroom\objects\material\Lamp_Illum_Mat.uasset: Failed to compile Material for platform PCD3D_SM5, Default Material will be used in game.
[2018.04.17-01.05.44:643][  0]LogMaterial: 	(Node TextureSample) Texture Sample> Missing input texture
[2018.04.17-01.05.45:073][  0]LogMaterial: Missing cached shader map for material Wood1, compiling. 
[2018.04.17-01.05.45:931][  0]LogShaderCompilers: Display: Shaders left to compile 31
[2018.04.17-01.05.45:932][  0]LogShaderCompilers: Display: Shaders left to compile 21
[2018.04.17-01.05.45:932][  0]LogShaderCompilers: Display: Shaders left to compile 11
[2018.04.17-01.05.47:628][  0]LogMaterial: Missing cached shader map for material Plastic, compiling. 
[2018.04.17-01.05.47:937][  0]LogMaterial: Missing cached shader map for material VEA108AC_03, compiling. 
[2018.04.17-01.05.49:291][  0]LogMaterial: Missing cached shader map for material fer, compiling. 
[2018.04.17-01.05.49:354][  0]LogMaterial: Missing cached shader map for material lambert2, compiling. 
[2018.04.17-01.05.49:406][  0]LogMaterial: Missing cached shader map for material terr, compiling. 
[2018.04.17-01.05.49:472][  0]LogMaterial: Missing cached shader map for material Plant_01, compiling. 
[2018.04.17-01.05.49:577][  0]LogMaterial: Missing cached shader map for material PC_Emi_Mat, compiling. 
[2018.04.17-01.05.49:613][  0]LogMaterial: Missing cached shader map for material PC_Illum_Mat, compiling. 
[2018.04.17-01.05.49:782][  0]LogMaterial: Missing cached shader map for material Fan_Dif_Mat, compiling. 
[2018.04.17-01.05.49:911][  0]LogMaterial: Missing cached shader map for material hendle, compiling. 
[2018.04.17-01.05.49:972][  0]LogMaterial: Missing cached shader map for material wood_ncl1_1, compiling. 
[2018.04.17-01.05.50:031][  0]LogMaterial: Missing cached shader map for material wood, compiling. 
[2018.04.17-01.05.50:169][  0]LogMaterial: Missing cached shader map for material EAD4, compiling. 
[2018.04.17-01.05.50:277][  0]LogMaterial: Missing cached shader map for material 8978945_2, compiling. 
[2018.04.17-01.05.50:397][  0]LogMaterial: Missing cached shader map for material biaoz, compiling. 
[2018.04.17-01.05.50:758][  0]LogMaterial: Missing cached shader map for material 944545_2, compiling. 
[2018.04.17-01.05.50:935][  0]LogAIModule: Creating AISystem for world Room
[2018.04.17-01.05.51:430][  0]LogEditorServer: Finished looking for orphan Actors (0.000 secs)
[2018.04.17-01.05.51:506][  0]Cmd: MAP CHECKDEP NOCLEARLOG
[2018.04.17-01.05.51:667][  0]MapCheck: Map check complete: 0 Error(s), 0 Warning(s), took 160,26ms to complete.
[2018.04.17-01.05.51:667][  0]LogFileHelpers: Loading map 'Room' took 24.946
[2018.04.17-01.05.52:158][  0]LogCollectionManager: Loaded 0 collections in 0.003517 seconds
[2018.04.17-01.05.52:244][  0]LogFileCache: Scanning file cache for directory 'C:/Users/vinny/Documents/GitHub/UDK-Git/Saved/Collections/' took 0.01s
[2018.04.17-01.05.52:244][  0]LogFileCache: Scanning file cache for directory 'C:/Users/vinny/Documents/GitHub/UDK-Git/Content/Developers/vinny/Collections/' took 0.01s
[2018.04.17-01.05.52:244][  0]LogFileCache: Scanning file cache for directory 'C:/Users/vinny/Documents/GitHub/UDK-Git/Content/Collections/' took 0.01s
[2018.04.17-01.05.52:244][  0]LogCollectionManager: Rebuilt the GUID cache for 0 collections in 0.000001 seconds
[2018.04.17-01.05.52:266][  0]LogContentBrowser: Native class hierarchy populated in 0.0219 seconds. Added 2452 classes and 558 folders.
[2018.04.17-01.05.52:373][  0]LogContentBrowser: Native class hierarchy updated for 'WidgetCarousel' in 0.0005 seconds. Added 0 classes and 0 folders.
[2018.04.17-01.05.55:439][  0]LogContentBrowser: Native class hierarchy updated for 'AddContentDialog' in 0.0004 seconds. Added 0 classes and 0 folders.
[2018.04.17-01.05.55:463][  0]LogContentBrowser: Native class hierarchy updated for 'SceneOutliner' in 0.0004 seconds. Added 1 classes and 2 folders.
[2018.04.17-01.05.55:562][  0]LogSlate: Took 0.057331 seconds to synchronously load lazily loaded font '../../../Engine/Content/Slate/Fonts/Roboto-Regular.ttf' (155K)
[2018.04.17-01.05.55:621][  0]LogSlate: Took 0.053713 seconds to synchronously load lazily loaded font '../../../Engine/Content/Slate/Fonts/Roboto-Bold.ttf' (160K)
[2018.04.17-01.05.55:683][  0]LogSlate: Took 0.048954 seconds to synchronously load lazily loaded font '../../../Engine/Content/Editor/Slate/Fonts/FontAwesome.ttf' (139K)
[2018.04.17-01.05.56:081][  0]LogRenderer: Reallocating scene render targets to support 856x372 Format 10 NumSamples 1 (Frame:1).
[2018.04.17-01.05.56:267][  0]LogSlate: Took 0.027010 seconds to synchronously load lazily loaded font '../../../Engine/Content/Slate/Fonts/Roboto-Light.ttf' (167K)
[2018.04.17-01.05.57:050][  0]LogContentBrowser: Native class hierarchy updated for 'HierarchicalLODOutliner' in 0.0010 seconds. Added 0 classes and 0 folders.
[2018.04.17-01.05.57:050][  0]LogLoad: (Engine Initialization) Total time: 112.93 seconds
[2018.04.17-01.05.57:050][  0]LogLoad: (Engine Initialization) Total Blueprint compile time: 0.00 seconds
[2018.04.17-01.05.57:420][  0]LogContentStreaming: Texture pool size now 1000 MB
[2018.04.17-01.05.57:426][  0]LogSlate: FSceneViewport::OnFocusLost() reason 2
[2018.04.17-01.05.59:982][  4]LogAssetRegistry: Asset discovery search completed in 80.9940 seconds
[2018.04.17-01.05.59:987][  4]LogCollectionManager: Rebuilt the object cache for 0 collections in 0.000000 seconds (found 0 objects)
[2018.04.17-01.05.59:987][  4]LogCollectionManager: Fixed up redirectors for 0 collections in 0.000101 seconds (updated 0 objects)
[2018.04.17-01.06.01:062][  8]LogShaderCompilers: Display: Shaders left to compile 461
[2018.04.17-01.06.03:661][  9]LogShaderCompilers: Display: Shaders left to compile 451
[2018.04.17-01.06.03:661][  9]LogShaderCompilers: Display: Shaders left to compile 441
[2018.04.17-01.06.05:122][ 12]LogShaderCompilers: Display: Shaders left to compile 431
[2018.04.17-01.06.09:219][ 14]LogShaderCompilers: Display: Shaders left to compile 421
[2018.04.17-01.06.11:288][ 14]LogShaderCompilers: Display: Shaders left to compile 411
[2018.04.17-01.06.11:885][ 14]LogShaderCompilers: Display: Shaders left to compile 401
[2018.04.17-01.06.18:986][ 34]LogShaderCompilers: Display: Shaders left to compile 391
[2018.04.17-01.06.19:366][ 35]LogShaderCompilers: Display: Shaders left to compile 381
[2018.04.17-01.06.21:959][ 42]LogShaderCompilers: Display: Shaders left to compile 371
[2018.04.17-01.06.25:988][ 53]LogShaderCompilers: Display: Shaders left to compile 361
[2018.04.17-01.06.27:777][ 58]LogShaderCompilers: Display: Shaders left to compile 351
[2018.04.17-01.06.29:506][ 63]LogShaderCompilers: Display: Shaders left to compile 341
[2018.04.17-01.06.33:338][ 74]LogShaderCompilers: Display: Shaders left to compile 331
[2018.04.17-01.06.34:047][ 76]LogShaderCompilers: Display: Shaders left to compile 321
[2018.04.17-01.06.35:025][ 79]LogShaderCompilers: Display: Shaders left to compile 311
[2018.04.17-01.06.39:377][ 89]LogShaderCompilers: Display: Shaders left to compile 301
[2018.04.17-01.06.39:377][ 89]LogShaderCompilers: Display: Shaders left to compile 291
[2018.04.17-01.06.41:138][ 92]LogShaderCompilers: Display: Shaders left to compile 281
[2018.04.17-01.06.44:406][ 95]LogShaderCompilers: Display: Shaders left to compile 271
[2018.04.17-01.06.45:173][ 98]LogShaderCompilers: Display: Shaders left to compile 261
[2018.04.17-01.06.45:910][ 99]LogSlate: Took 0.000373 seconds to synchronously load lazily loaded font '../../../Engine/Content/Slate/Fonts/Roboto-Light.ttf' (167K)
[2018.04.17-01.06.49:070][109]LogShaderCompilers: Display: Shaders left to compile 251
[2018.04.17-01.06.49:776][111]LogShaderCompilers: Display: Shaders left to compile 241
[2018.04.17-01.06.51:253][115]LogShaderCompilers: Display: Shaders left to compile 231
[2018.04.17-01.06.54:154][116]LogShaderCompilers: Display: Shaders left to compile 221
[2018.04.17-01.06.54:534][118]LogShaderCompilers: Display: Shaders left to compile 211
[2018.04.17-01.06.55:320][120]LogShaderCompilers: Display: Shaders left to compile 201
[2018.04.17-01.06.58:241][124]LogShaderCompilers: Display: Shaders left to compile 191
[2018.04.17-01.07.00:351][130]LogShaderCompilers: Display: Shaders left to compile 181
[2018.04.17-01.07.00:704][131]LogShaderCompilers: Display: Shaders left to compile 171
[2018.04.17-01.07.06:368][135]LogShaderCompilers: Display: Shaders left to compile 161
[2018.04.17-01.07.07:123][137]LogShaderCompilers: Display: Shaders left to compile 151
[2018.04.17-01.07.09:251][143]LogShaderCompilers: Display: Shaders left to compile 141
[2018.04.17-01.07.11:670][150]LogShaderCompilers: Display: Shaders left to compile 131
[2018.04.17-01.07.12:825][153]LogShaderCompilers: Display: Shaders left to compile 121
[2018.04.17-01.07.14:832][159]LogShaderCompilers: Display: Shaders left to compile 111
[2018.04.17-01.07.17:970][168]LogShaderCompilers: Display: Shaders left to compile 101
[2018.04.17-01.07.18:949][171]LogShaderCompilers: Display: Shaders left to compile 91
[2018.04.17-01.07.19:656][173]LogShaderCompilers: Display: Shaders left to compile 81
[2018.04.17-01.07.24:235][278]LogShaderCompilers: Display: Shaders left to compile 71
[2018.04.17-01.07.24:337][281]LogShaderCompilers: Display: Shaders left to compile 61
[2018.04.17-01.07.27:290][356]LogShaderCompilers: Display: Shaders left to compile 51
[2018.04.17-01.07.27:859][373]LogSlate: Window 'Registro de Mensagem' being destroyed
[2018.04.17-01.07.27:866][373]LogSlate: Window 'Registro de Mensagem' being destroyed
[2018.04.17-01.07.29:774][419]LogShaderCompilers: Display: Shaders left to compile 41
[2018.04.17-01.07.31:162][453]LogShaderCompilers: Display: Shaders left to compile 31
[2018.04.17-01.07.33:369][453]LogShaderCompilers: Display: Shaders left to compile 21
[2018.04.17-01.07.34:194][453]LogShaderCompilers: Display: Shaders left to compile 11
[2018.04.17-01.07.34:709][453]LogShaderCompilers: Display: Shaders left to compile 1
[2018.04.17-01.07.36:866][453]LogSlate: FSceneViewport::OnFocusLost() reason 0
[2018.04.17-01.07.47:819][642]LogSlate: FSceneViewport::OnFocusLost() reason 0
[2018.04.17-01.07.51:661][682]LogContentBrowser: Native class hierarchy updated for 'BlueprintGraph' in 0.0009 seconds. Added 116 classes and 0 folders.
[2018.04.17-01.07.52:904][682]LogSlate: Took 0.019603 seconds to synchronously load lazily loaded font '../../../Engine/Content/Slate/Fonts/Roboto-BoldCondensed.ttf' (158K)
[2018.04.17-01.07.53:321][683]LogSlate: Took 0.024278 seconds to synchronously load lazily loaded font '../../../Engine/Content/Slate/Fonts/Roboto-Italic.ttf' (157K)
[2018.04.17-01.08.19:541][332]LogSlate: Window 'Player' being destroyed
[2018.04.17-01.08.19:550][332]LogSlate: Window 'Player' being destroyed
[2018.04.17-01.08.20:265][341]LogTemp: Repeating last play command: Selected Viewport
[2018.04.17-01.08.20:326][341]LogBlueprintUserMessages: Early PlayInEditor Detection: Level '/Game/Map/Room.Room:PersistentLevel' has LevelScriptBlueprint '/Game/Map/Room.Room:PersistentLevel.Room' with GeneratedClass '/Game/Map/Room.Room_C' with ClassGeneratedBy '/Game/Map/Room.Room:PersistentLevel.Room'
[2018.04.17-01.08.20:327][341]LogPlayLevel: PlayLevel: No blueprints needed recompiling
[2018.04.17-01.08.20:328][341]PIE: New page: Sessão de PIE : Room (16/04/2018 19:08:20)
[2018.04.17-01.08.20:328][341]LogPlayLevel: Creating play world package: /Game/Map/UEDPIE_0_Room
[2018.04.17-01.08.20:659][341]LogPlayLevel: PIE: StaticDuplicateObject took: (0.330429s)
[2018.04.17-01.08.20:660][341]LogAIModule: Creating AISystem for world Room
[2018.04.17-01.08.20:660][341]LogPlayLevel: PIE: World Init took: (0.001535s)
[2018.04.17-01.08.20:660][341]LogPlayLevel: PIE: Created PIE world by copying editor world from /Game/Map/Room.Room to /Game/Map/UEDPIE_0_Room.Room (0.332402s)
[2018.04.17-01.08.20:697][341]LogInit: XAudio2 using 'Fones de ouvido / Alto falantes (Realtek High Definition Audio)' : 2 channels at 48 kHz using 32 bits per sample (channel mask 0x3)
[2018.04.17-01.08.20:727][341]LogInit: FAudioDevice initialized.
[2018.04.17-01.08.20:774][341]LogLoad: Game class is 'GameModeBase'
[2018.04.17-01.08.20:809][341]LogWorld: Bringing World /Game/Map/UEDPIE_0_Room.Room up for play (max tick rate 60) at 2018.04.16-22.08.20
[2018.04.17-01.08.20:825][341]LogWorld: Bringing up level for play took: 0.048935
[2018.04.17-01.08.20:847][341]LogContentBrowser: Native class hierarchy updated for 'MovieSceneCapture' in 0.0004 seconds. Added 11 classes and 0 folders.
[2018.04.17-01.08.20:871][341]PIE: Momento de início de reprodução no editor para /Game/Map/UEDPIE_0_Room -0,241
[2018.04.17-01.08.20:872][341]LogBlueprintUserMessages: Late PlayInEditor Detection: Level '/Game/Map/Room.Room:PersistentLevel' has LevelScriptBlueprint '/Game/Map/Room.Room:PersistentLevel.Room' with GeneratedClass '/Game/Map/Room.Room_C' with ClassGeneratedBy '/Game/Map/Room.Room:PersistentLevel.Room'
[2018.04.17-01.08.21:665][357]LogBlueprintUserMessages: [Player_2] Book7
[2018.04.17-01.08.44:595][174]LogBlueprintUserMessages: Early EndPlayMap Detection: Level '/Game/Map/Room.Room:PersistentLevel' has LevelScriptBlueprint '/Game/Map/Room.Room:PersistentLevel.Room' with GeneratedClass '/Game/Map/Room.Room_C' with ClassGeneratedBy '/Game/Map/Room.Room:PersistentLevel.Room'
[2018.04.17-01.08.44:644][174]LogBlueprintUserMessages: Late EndPlayMap Detection: Level '/Game/Map/Room.Room:PersistentLevel' has LevelScriptBlueprint '/Game/Map/Room.Room:PersistentLevel.Room' with GeneratedClass '/Game/Map/Room.Room_C' with ClassGeneratedBy '/Game/Map/Room.Room:PersistentLevel.Room'
[2018.04.17-01.08.45:619][227]LogSlate: FSceneViewport::OnFocusLost() reason 0
[2018.04.17-01.08.45:718][233]LogTemp: Repeating last play command: Selected Viewport
[2018.04.17-01.08.45:761][233]LogBlueprintUserMessages: Early PlayInEditor Detection: Level '/Game/Map/Room.Room:PersistentLevel' has LevelScriptBlueprint '/Game/Map/Room.Room:PersistentLevel.Room' with GeneratedClass '/Game/Map/Room.Room_C' with ClassGeneratedBy '/Game/Map/Room.Room:PersistentLevel.Room'
[2018.04.17-01.08.45:762][233]LogPlayLevel: PlayLevel: No blueprints needed recompiling
[2018.04.17-01.08.45:762][233]PIE: New page: Sessão de PIE : Room (16/04/2018 19:08:45)
[2018.04.17-01.08.45:762][233]LogPlayLevel: Creating play world package: /Game/Map/UEDPIE_0_Room
[2018.04.17-01.08.45:821][233]LogPlayLevel: PIE: StaticDuplicateObject took: (0.058776s)
[2018.04.17-01.08.45:822][233]LogAIModule: Creating AISystem for world Room
[2018.04.17-01.08.45:823][233]LogPlayLevel: PIE: World Init took: (0.001512s)
[2018.04.17-01.08.45:823][233]LogPlayLevel: PIE: Created PIE world by copying editor world from /Game/Map/Room.Room to /Game/Map/UEDPIE_0_Room.Room (0.060889s)
[2018.04.17-01.08.45:866][233]LogInit: XAudio2 using 'Fones de ouvido / Alto falantes (Realtek High Definition Audio)' : 2 channels at 48 kHz using 32 bits per sample (channel mask 0x3)
[2018.04.17-01.08.45:902][233]LogInit: FAudioDevice initialized.
[2018.04.17-01.08.45:941][233]LogLoad: Game class is 'GameModeBase'
[2018.04.17-01.08.45:958][233]LogWorld: Bringing World /Game/Map/UEDPIE_0_Room.Room up for play (max tick rate 60) at 2018.04.16-22.08.45
[2018.04.17-01.08.45:959][233]LogWorld: Bringing up level for play took: 0.017506
[2018.04.17-01.08.45:961][233]PIE: Momento de início de reprodução no editor para /Game/Map/UEDPIE_0_Room 0,849
[2018.04.17-01.08.45:962][233]LogBlueprintUserMessages: Late PlayInEditor Detection: Level '/Game/Map/Room.Room:PersistentLevel' has LevelScriptBlueprint '/Game/Map/Room.Room:PersistentLevel.Room' with GeneratedClass '/Game/Map/Room.Room_C' with ClassGeneratedBy '/Game/Map/Room.Room:PersistentLevel.Room'
[2018.04.17-01.08.46:650][249]LogBlueprintUserMessages: [Player_2] Book7
[2018.04.17-01.09.33:398][492]LogBlueprintUserMessages: Early EndPlayMap Detection: Level '/Game/Map/Room.Room:PersistentLevel' has LevelScriptBlueprint '/Game/Map/Room.Room:PersistentLevel.Room' with GeneratedClass '/Game/Map/Room.Room_C' with ClassGeneratedBy '/Game/Map/Room.Room:PersistentLevel.Room'
[2018.04.17-01.09.33:486][492]LogBlueprintUserMessages: Late EndPlayMap Detection: Level '/Game/Map/Room.Room:PersistentLevel' has LevelScriptBlueprint '/Game/Map/Room.Room:PersistentLevel.Room' with GeneratedClass '/Game/Map/Room.Room_C' with ClassGeneratedBy '/Game/Map/Room.Room:PersistentLevel.Room'
[2018.04.17-01.09.40:342][657]LogSlate: FSceneViewport::OnFocusLost() reason 0
[2018.04.17-01.09.43:943][743]LogTemp: Repeating last play command: Selected Viewport
[2018.04.17-01.09.43:992][743]LogBlueprintUserMessages: Early PlayInEditor Detection: Level '/Game/Map/Room.Room:PersistentLevel' has LevelScriptBlueprint '/Game/Map/Room.Room:PersistentLevel.Room' with GeneratedClass '/Game/Map/Room.Room_C' with ClassGeneratedBy '/Game/Map/Room.Room:PersistentLevel.Room'
[2018.04.17-01.09.43:993][743]LogPlayLevel: PlayLevel: No blueprints needed recompiling
[2018.04.17-01.09.43:993][743]PIE: New page: Sessão de PIE : Room (16/04/2018 19:09:43)
[2018.04.17-01.09.43:993][743]LogPlayLevel: Creating play world package: /Game/Map/UEDPIE_0_Room
[2018.04.17-01.09.44:063][743]LogPlayLevel: PIE: StaticDuplicateObject took: (0.069510s)
[2018.04.17-01.09.44:064][743]LogAIModule: Creating AISystem for world Room
[2018.04.17-01.09.44:065][743]LogPlayLevel: PIE: World Init took: (0.001786s)
[2018.04.17-01.09.44:065][743]LogPlayLevel: PIE: Created PIE world by copying editor world from /Game/Map/Room.Room to /Game/Map/UEDPIE_0_Room.Room (0.071954s)
[2018.04.17-01.09.44:125][743]LogInit: XAudio2 using 'Fones de ouvido / Alto falantes (Realtek High Definition Audio)' : 2 channels at 48 kHz using 32 bits per sample (channel mask 0x3)
[2018.04.17-01.09.44:171][743]LogInit: FAudioDevice initialized.
[2018.04.17-01.09.44:216][743]LogLoad: Game class is 'GameModeBase'
[2018.04.17-01.09.44:236][743]LogWorld: Bringing World /Game/Map/UEDPIE_0_Room.Room up for play (max tick rate 60) at 2018.04.16-22.09.44
[2018.04.17-01.09.44:238][743]LogWorld: Bringing up level for play took: 0.020600
[2018.04.17-01.09.44:240][743]PIE: Momento de início de reprodução no editor para /Game/Map/UEDPIE_0_Room 1,128
[2018.04.17-01.09.44:241][743]LogBlueprintUserMessages: Late PlayInEditor Detection: Level '/Game/Map/Room.Room:PersistentLevel' has LevelScriptBlueprint '/Game/Map/Room.Room:PersistentLevel.Room' with GeneratedClass '/Game/Map/Room.Room_C' with ClassGeneratedBy '/Game/Map/Room.Room:PersistentLevel.Room'
[2018.04.17-01.10.54:641][878]Cmd: DELETE
[2018.04.17-01.10.54:642][878]Cmd: ACTOR DELETE
[2018.04.17-01.10.55:047][878]LogEditorActor: Deleted Actor: AmbientSound
[2018.04.17-01.10.55:105][878]LogEditorActor: Deleted 1 Actors (0.135 secs)
[2018.04.17-01.10.57:370][932]LogBlueprintUserMessages: [Player_2] Book7
[2018.04.17-01.11.12:614][441]LogBlueprintUserMessages: Early EndPlayMap Detection: Level '/Game/Map/Room.Room:PersistentLevel' has LevelScriptBlueprint '/Game/Map/Room.Room:PersistentLevel.Room' with GeneratedClass '/Game/Map/Room.Room_C' with ClassGeneratedBy '/Game/Map/Room.Room:PersistentLevel.Room'
[2018.04.17-01.11.12:671][441]LogBlueprintUserMessages: Late EndPlayMap Detection: Level '/Game/Map/Room.Room:PersistentLevel' has LevelScriptBlueprint '/Game/Map/Room.Room:PersistentLevel.Room' with GeneratedClass '/Game/Map/Room.Room_C' with ClassGeneratedBy '/Game/Map/Room.Room:PersistentLevel.Room'
[2018.04.17-01.11.19:345][813]LogSlate: FSceneViewport::OnFocusLost() reason 0
[2018.04.17-01.11.19:444][819]LogTemp: Repeating last play command: Selected Viewport
[2018.04.17-01.11.19:488][819]LogBlueprintUserMessages: Early PlayInEditor Detection: Level '/Game/Map/Room.Room:PersistentLevel' has LevelScriptBlueprint '/Game/Map/Room.Room:PersistentLevel.Room' with GeneratedClass '/Game/Map/Room.Room_C' with ClassGeneratedBy '/Game/Map/Room.Room:PersistentLevel.Room'
[2018.04.17-01.11.19:489][819]LogPlayLevel: PlayLevel: No blueprints needed recompiling
[2018.04.17-01.11.19:489][819]PIE: New page: Sessão de PIE : Room (16/04/2018 19:11:19)
[2018.04.17-01.11.19:489][819]LogPlayLevel: Creating play world package: /Game/Map/UEDPIE_0_Room
[2018.04.17-01.11.19:567][819]LogPlayLevel: PIE: StaticDuplicateObject took: (0.077665s)
[2018.04.17-01.11.19:568][819]LogAIModule: Creating AISystem for world Room
[2018.04.17-01.11.19:569][819]LogPlayLevel: PIE: World Init took: (0.001526s)
[2018.04.17-01.11.19:569][819]LogPlayLevel: PIE: Created PIE world by copying editor world from /Game/Map/Room.Room to /Game/Map/UEDPIE_0_Room.Room (0.079631s)
[2018.04.17-01.11.19:620][819]LogInit: XAudio2 using 'Fones de ouvido / Alto falantes (Realtek High Definition Audio)' : 2 channels at 48 kHz using 32 bits per sample (channel mask 0x3)
[2018.04.17-01.11.19:661][819]LogInit: FAudioDevice initialized.
[2018.04.17-01.11.19:700][819]LogLoad: Game class is 'GameModeBase'
[2018.04.17-01.11.19:718][819]LogWorld: Bringing World /Game/Map/UEDPIE_0_Room.Room up for play (max tick rate 60) at 2018.04.16-22.11.19
[2018.04.17-01.11.19:719][819]LogWorld: Bringing up level for play took: 0.017481
[2018.04.17-01.11.19:722][819]PIE: Momento de início de reprodução no editor para /Game/Map/UEDPIE_0_Room 0,61
[2018.04.17-01.11.19:722][819]LogBlueprintUserMessages: Late PlayInEditor Detection: Level '/Game/Map/Room.Room:PersistentLevel' has LevelScriptBlueprint '/Game/Map/Room.Room:PersistentLevel.Room' with GeneratedClass '/Game/Map/Room.Room_C' with ClassGeneratedBy '/Game/Map/Room.Room:PersistentLevel.Room'
[2018.04.17-01.11.24:420][  8]LogBlueprintUserMessages: Early EndPlayMap Detection: Level '/Game/Map/Room.Room:PersistentLevel' has LevelScriptBlueprint '/Game/Map/Room.Room:PersistentLevel.Room' with GeneratedClass '/Game/Map/Room.Room_C' with ClassGeneratedBy '/Game/Map/Room.Room:PersistentLevel.Room'
[2018.04.17-01.11.24:463][  8]LogBlueprintUserMessages: Late EndPlayMap Detection: Level '/Game/Map/Room.Room:PersistentLevel' has LevelScriptBlueprint '/Game/Map/Room.Room:PersistentLevel.Room' with GeneratedClass '/Game/Map/Room.Room_C' with ClassGeneratedBy '/Game/Map/Room.Room:PersistentLevel.Room'
[2018.04.17-01.11.31:711][381]Cmd: DELETE
[2018.04.17-01.11.31:711][381]Cmd: ACTOR DELETE
[2018.04.17-01.11.31:772][381]LogEditorActor: Deleted Actor: AmbientSound
[2018.04.17-01.11.31:796][381]LogEditorActor: Deleted 1 Actors (0.085 secs)
[2018.04.17-01.11.33:199][411]LogTemp: Repeating last play command: Selected Viewport
[2018.04.17-01.11.33:224][411]LogBlueprintUserMessages: Early PlayInEditor Detection: Level '/Game/Map/Room.Room:PersistentLevel' has LevelScriptBlueprint '/Game/Map/Room.Room:PersistentLevel.Room' with GeneratedClass '/Game/Map/Room.Room_C' with ClassGeneratedBy '/Game/Map/Room.Room:PersistentLevel.Room'
[2018.04.17-01.11.33:224][411]LogPlayLevel: PlayLevel: No blueprints needed recompiling
[2018.04.17-01.11.33:224][411]PIE: New page: Sessão de PIE : Room (16/04/2018 19:11:33)
[2018.04.17-01.11.33:224][411]LogPlayLevel: Creating play world package: /Game/Map/UEDPIE_0_Room
[2018.04.17-01.11.33:274][411]LogPlayLevel: PIE: StaticDuplicateObject took: (0.049657s)
[2018.04.17-01.11.33:275][411]LogAIModule: Creating AISystem for world Room
[2018.04.17-01.11.33:275][411]LogPlayLevel: PIE: World Init took: (0.001272s)
[2018.04.17-01.11.33:275][411]LogPlayLevel: PIE: Created PIE world by copying editor world from /Game/Map/Room.Room to /Game/Map/UEDPIE_0_Room.Room (0.051281s)
[2018.04.17-01.11.33:307][411]LogInit: XAudio2 using 'Fones de ouvido / Alto falantes (Realtek High Definition Audio)' : 2 channels at 48 kHz using 32 bits per sample (channel mask 0x3)
[2018.04.17-01.11.33:336][411]LogInit: FAudioDevice initialized.
[2018.04.17-01.11.33:372][411]LogLoad: Game class is 'GameModeBase'
[2018.04.17-01.11.33:382][411]LogWorld: Bringing World /Game/Map/UEDPIE_0_Room.Room up for play (max tick rate 60) at 2018.04.16-22.11.33
[2018.04.17-01.11.33:382][411]LogWorld: Bringing up level for play took: 0.010081
[2018.04.17-01.11.33:384][411]PIE: Momento de início de reprodução no editor para /Game/Map/UEDPIE_0_Room 0,272
[2018.04.17-01.11.33:385][411]LogBlueprintUserMessages: Late PlayInEditor Detection: Level '/Game/Map/Room.Room:PersistentLevel' has LevelScriptBlueprint '/Game/Map/Room.Room:PersistentLevel.Room' with GeneratedClass '/Game/Map/Room.Room_C' with ClassGeneratedBy '/Game/Map/Room.Room:PersistentLevel.Room'
[2018.04.17-01.11.34:250][432]LogBlueprintUserMessages: [Player_2] Book7
[2018.04.17-01.11.38:458][541]LogBlueprintUserMessages: Early EndPlayMap Detection: Level '/Game/Map/Room.Room:PersistentLevel' has LevelScriptBlueprint '/Game/Map/Room.Room:PersistentLevel.Room' with GeneratedClass '/Game/Map/Room.Room_C' with ClassGeneratedBy '/Game/Map/Room.Room:PersistentLevel.Room'
[2018.04.17-01.11.38:544][541]LogBlueprintUserMessages: Late EndPlayMap Detection: Level '/Game/Map/Room.Room:PersistentLevel' has LevelScriptBlueprint '/Game/Map/Room.Room:PersistentLevel.Room' with GeneratedClass '/Game/Map/Room.Room_C' with ClassGeneratedBy '/Game/Map/Room.Room:PersistentLevel.Room'
[2018.04.17-01.11.38:625][541]LogActorComponent: ReregisterComponent: (/Game/Map/Room.Room:PersistentLevel.Starter_Background_Cue_2.AudioComponent0) Not currently registered. Aborting.
[2018.04.17-01.11.41:668][617]LogSlate: FSceneViewport::OnFocusLost() reason 0
[2018.04.17-01.11.48:619][790]Cmd: OBJ SAVEPACKAGE PACKAGE="/Game/Map/Room" FILE="../../../../../../Users/vinny/Documents/GitHub/UDK-Git/Content/Map/Room.umap" SILENT=true AUTOSAVING=false KEEPDIRTY=false
[2018.04.17-01.11.49:734][790]LogSavePackage: Save=1018.71ms
[2018.04.17-01.11.49:734][790]LogSavePackage: Moving '../../../../../../Users/vinny/Documents/GitHub/UDK-Git/Saved/Room01AC3CA64009145F2F2F939236081384.tmp' to '../../../../../../Users/vinny/Documents/GitHub/UDK-Git/Content/Map/Room.umap'
[2018.04.17-01.11.49:742][790]LogSavePackage: Display: Finished SavePackage ../../../../../../Users/vinny/Documents/GitHub/UDK-Git/Content/Map/Room.umap
[2018.04.17-01.11.51:913][833]LogSlate: Window 'EscapeTheRoom - Editor do Unreal' being destroyed
[2018.04.17-01.11.51:914][833]LogWindowsTextInputMethodSystem: Display: IME system now deactivated.
[2018.04.17-01.11.52:240][834]Cmd: QUIT_EDITOR
[2018.04.17-01.11.53:463][834]LogSlate: Slate User Destroyed.  User Index 0, Is Virtual User: 0
[2018.04.17-01.11.53:479][834]LogExit: Preparing to exit.
[2018.04.17-01.11.54:632][834]LogDirectoryWatcher: A directory notification for 'C:/Users/vinny/Documents/GitHub/UDK-Git/Content/' was aborted.
[2018.04.17-01.11.54:865][834]LogExit: Editor shut down
[2018.04.17-01.11.54:871][834]LogExit: Transaction tracking system shut down
[2018.04.17-01.11.55:118][834]LogDirectoryWatcher: A directory notification for '../../../Engine/Content/' was aborted.
[2018.04.17-01.11.55:119][834]LogDirectoryWatcher: A directory notification for '../../../../../../Users/vinny/Documents/GitHub/UDK-Git/Content/' was aborted.
[2018.04.17-01.11.55:119][834]LogDirectoryWatcher: A directory notification for '../../Plugins/2D/Paper2D/Content/' was aborted.
[2018.04.17-01.11.55:119][834]LogDirectoryWatcher: A directory notification for '../../Plugins/Enterprise/DatasmithContent/Content/' was aborted.
[2018.04.17-01.11.55:119][834]LogDirectoryWatcher: A directory notification for '../../Plugins/Media/MediaCompositing/Content/' was aborted.
[2018.04.17-01.11.55:119][834]LogDirectoryWatcher: A directory notification for '../../Plugins/Runtime/AppleARKit/Content/' was aborted.
[2018.04.17-01.11.55:119][834]LogDirectoryWatcher: A directory notification for '../../Plugins/Runtime/Oculus/OculusVR/Content/' was aborted.
[2018.04.17-01.11.55:119][834]LogDirectoryWatcher: A directory notification for '../../Plugins/Runtime/Steam/SteamVR/Content/' was aborted.
[2018.04.17-01.11.57:395][834]LogExit: Object subsystem successfully closed.
[2018.04.17-01.11.57:615][834]LogShaderCompilers: Display: Shaders left to compile 0
[2018.04.17-01.11.57:635][834]LogD3D11RHI: Shutdown
[2018.04.17-01.11.57:635][834]LogD3D11RHI: CleanupD3DDevice
[2018.04.17-01.11.57:667][834]LogD3D11RHI: ~FD3D11DynamicRHI
[2018.04.17-01.11.58:877][834]LogModuleManager: Shutting down and abandoning module MovieSceneCapture (578)
[2018.04.17-01.11.58:877][834]LogModuleManager: Shutting down and abandoning module BlueprintGraph (576)
[2018.04.17-01.11.58:877][834]LogModuleManager: Shutting down and abandoning module HierarchicalLODOutliner (574)
[2018.04.17-01.11.58:878][834]LogModuleManager: Shutting down and abandoning module SceneOutliner (572)
[2018.04.17-01.11.58:878][834]LogModuleManager: Shutting down and abandoning module AddContentDialog (570)
[2018.04.17-01.11.58:897][834]LogDirectoryWatcher: A directory notification for 'C:/Program Files/Epic Games/UE_4.19/FeaturePacks/' was aborted.
[2018.04.17-01.11.58:910][834]LogModuleManager: Shutting down and abandoning module WidgetCarousel (569)
[2018.04.17-01.11.58:910][834]LogModuleManager: Shutting down and abandoning module EditorWidgets (566)
[2018.04.17-01.11.58:910][834]LogModuleManager: Shutting down and abandoning module CollectionManager (564)
[2018.04.17-01.11.58:976][834]LogDirectoryWatcher: A directory notification for 'C:/Users/vinny/Documents/GitHub/UDK-Git/Content/Collections/' was aborted.
[2018.04.17-01.11.58:977][834]LogDirectoryWatcher: A directory notification for 'C:/Users/vinny/Documents/GitHub/UDK-Git/Content/Developers/vinny/Collections/' was aborted.
[2018.04.17-01.11.58:977][834]LogDirectoryWatcher: A directory notification for 'C:/Users/vinny/Documents/GitHub/UDK-Git/Saved/Collections/' was aborted.
[2018.04.17-01.11.58:977][834]LogModuleManager: Shutting down and abandoning module StatsViewer (562)
[2018.04.17-01.11.58:987][834]LogModuleManager: Shutting down and abandoning module FoliageEdit (560)
[2018.04.17-01.11.58:987][834]LogModuleManager: Shutting down and abandoning module LandscapeEditor (558)
[2018.04.17-01.11.59:001][834]LogModuleManager: Shutting down and abandoning module MeshPaintMode (556)
[2018.04.17-01.11.59:013][834]LogModuleManager: Shutting down and abandoning module SceneDepthPickerMode (554)
[2018.04.17-01.11.59:013][834]LogModuleManager: Shutting down and abandoning module ActorPickerMode (552)
[2018.04.17-01.11.59:013][834]LogModuleManager: Shutting down and abandoning module GeometryMode (550)
[2018.04.17-01.11.59:026][834]LogModuleManager: Shutting down and abandoning module TextureAlignMode (548)
[2018.04.17-01.11.59:026][834]LogModuleManager: Shutting down and abandoning module BspMode (546)
[2018.04.17-01.11.59:026][834]LogModuleManager: Shutting down and abandoning module PIEPreviewDeviceProfileSelector (544)
[2018.04.17-01.11.59:026][834]LogModuleManager: Shutting down and abandoning module HardwareSurvey (542)
[2018.04.17-01.11.59:026][834]LogModuleManager: Shutting down and abandoning module SequenceRecorderSections (540)
[2018.04.17-01.11.59:026][834]LogModuleManager: Shutting down and abandoning module AutomationWorker (538)
[2018.04.17-01.11.59:026][834]LogModuleManager: Shutting down and abandoning module AudioCaptureEditor (536)
[2018.04.17-01.11.59:026][834]LogModuleManager: Shutting down and abandoning module SequenceRecorder (535)
[2018.04.17-01.11.59:044][834]LogModuleManager: Shutting down and abandoning module MatineeToLevelSequence (532)
[2018.04.17-01.11.59:044][834]LogModuleManager: Shutting down and abandoning module LevelSequenceEditor (530)
[2018.04.17-01.11.59:129][834]LogModuleManager: Shutting down and abandoning module PlacementMode (529)
[2018.04.17-01.11.59:129][834]LogModuleManager: Shutting down and abandoning module MaterialEditor (528)
[2018.04.17-01.11.59:199][834]LogModuleManager: Shutting down and abandoning module WmfMediaFactory (524)
[2018.04.17-01.11.59:199][834]LogModuleManager: Shutting down and abandoning module WmfMediaEditor (522)
[2018.04.17-01.11.59:199][834]LogModuleManager: Shutting down and abandoning module MediaPlayerEditor (520)
[2018.04.17-01.11.59:301][834]LogModuleManager: Shutting down and abandoning module OpenExrWrapper (518)
[2018.04.17-01.11.59:301][834]LogModuleManager: Shutting down and abandoning module ImgMediaFactory (516)
[2018.04.17-01.11.59:301][834]LogModuleManager: Shutting down and abandoning module ImgMediaEditor (514)
[2018.04.17-01.11.59:301][834]LogModuleManager: Shutting down and abandoning module AvfMediaFactory (512)
[2018.04.17-01.11.59:301][834]LogModuleManager: Shutting down and abandoning module AvfMediaEditor (510)
[2018.04.17-01.11.59:301][834]LogModuleManager: Shutting down and abandoning module AndroidMediaFactory (508)
[2018.04.17-01.11.59:301][834]LogModuleManager: Shutting down and abandoning module AndroidMediaEditor (506)
[2018.04.17-01.11.59:301][834]LogModuleManager: Shutting down and abandoning module CharacterAI (504)
[2018.04.17-01.11.59:301][834]LogModuleManager: Shutting down and abandoning module SmartSnapping (502)
[2018.04.17-01.11.59:301][834]LogModuleManager: Shutting down and abandoning module SessionServices (500)
[2018.04.17-01.11.59:301][834]LogModuleManager: Shutting down and abandoning module ViewportSnapping (498)
[2018.04.17-01.11.59:301][834]LogModuleManager: Shutting down and abandoning module ViewportInteraction (496)
[2018.04.17-01.11.59:301][834]LogModuleManager: Shutting down and abandoning module ClothPainter (494)
[2018.04.17-01.11.59:375][834]LogModuleManager: Shutting down and abandoning module SkeletalMeshEditor (493)
[2018.04.17-01.11.59:538][834]LogModuleManager: Shutting down and abandoning module LogVisualizer (490)
[2018.04.17-01.11.59:583][834]LogModuleManager: Shutting down and abandoning module IntroTutorials (488)
[2018.04.17-01.11.59:633][834]LogModuleManager: Shutting down and abandoning module GameProjectGeneration (487)
[2018.04.17-01.11.59:699][834]LogModuleManager: Shutting down and abandoning module IOSPlatformEditor (484)
[2018.04.17-01.11.59:712][834]LogModuleManager: Shutting down and abandoning module HTML5PlatformEditor (482)
[2018.04.17-01.11.59:712][834]LogModuleManager: Shutting down and abandoning module AndroidPlatformEditor (480)
[2018.04.17-01.11.59:712][834]LogModuleManager: Shutting down and abandoning module AndroidDeviceDetection (479)
[2018.04.17-01.11.59:793][834]LogModuleManager: Shutting down and abandoning module WindowsPlatformEditor (476)
[2018.04.17-01.11.59:793][834]LogModuleManager: Shutting down and abandoning module IOSRuntimeSettings (474)
[2018.04.17-01.11.59:794][834]LogModuleManager: Shutting down and abandoning module AndroidRuntimeSettings (472)
[2018.04.17-01.11.59:794][834]LogModuleManager: Shutting down and abandoning module InputBindingEditor (470)
[2018.04.17-01.11.59:828][834]LogModuleManager: Shutting down and abandoning module MergeActors (468)
[2018.04.17-01.11.59:860][834]LogModuleManager: Shutting down and abandoning module LocalizationDashboard (466)
[2018.04.17-01.11.59:878][834]LogModuleManager: Shutting down and abandoning module LocalizationService (465)
[2018.04.17-01.11.59:901][834]LogModuleManager: Shutting down and abandoning module HardwareTargeting (462)
[2018.04.17-01.11.59:901][834]LogModuleManager: Shutting down and abandoning module DeviceProfileEditor (460)
[2018.04.17-01.11.59:912][834]LogModuleManager: Shutting down and abandoning module UndoHistory (458)
[2018.04.17-01.11.59:912][834]LogModuleManager: Shutting down and abandoning module XmlParser (456)
[2018.04.17-01.11.59:927][834]LogModuleManager: Shutting down and abandoning module Blutility (454)
[2018.04.17-01.11.59:927][834]LogModuleManager: Shutting down and abandoning module ProjectSettingsViewer (452)
[2018.04.17-01.11.59:927][834]LogModuleManager: Shutting down and abandoning module ProjectTargetPlatformEditor (451)
[2018.04.17-01.11.59:927][834]LogModuleManager: Shutting down and abandoning module EditorSettingsViewer (448)
[2018.04.17-01.11.59:927][834]LogModuleManager: Shutting down and abandoning module SettingsEditor (446)
[2018.04.17-01.11.59:957][834]LogModuleManager: Shutting down and abandoning module ProjectLauncher (444)
[2018.04.17-01.11.59:967][834]LogModuleManager: Shutting down and abandoning module SessionFrontend (442)
[2018.04.17-01.11.59:982][834]LogModuleManager: Shutting down and abandoning module ProfilerClient (440)
[2018.04.17-01.12.00:003][834]LogModuleManager: Shutting down and abandoning module DeviceManager (438)
[2018.04.17-01.12.00:026][834]LogModuleManager: Shutting down and abandoning module TargetDeviceServices (437)
[2018.04.17-01.12.00:080][834]LogModuleManager: Shutting down and abandoning module AutomationController (434)
[2018.04.17-01.12.00:098][834]LogModuleManager: Shutting down and abandoning module AutomationWindow (432)
[2018.04.17-01.12.00:136][834]LogModuleManager: Shutting down and abandoning module Layers (430)
[2018.04.17-01.12.00:178][834]LogModuleManager: Shutting down and abandoning module ComponentVisualizers (428)
[2018.04.17-01.12.00:178][834]LogModuleManager: Shutting down and abandoning module DetailCustomizations (426)
[2018.04.17-01.12.00:194][834]LogModuleManager: Shutting down and abandoning module PackagesDialog (424)
[2018.04.17-01.12.00:195][834]LogModuleManager: Shutting down and abandoning module Persona (422)
[2018.04.17-01.12.00:226][834]LogModuleManager: Shutting down and abandoning module AdvancedPreviewScene (421)
[2018.04.17-01.12.00:226][834]LogModuleManager: Shutting down and abandoning module AnimGraph (419)
[2018.04.17-01.12.00:226][834]LogModuleManager: Shutting down and abandoning module Kismet (416)
[2018.04.17-01.12.00:263][834]LogModuleManager: Shutting down and abandoning module GraphEditor (414)
[2018.04.17-01.12.00:263][834]LogModuleManager: Shutting down and abandoning module ClassViewer (412)
[2018.04.17-01.12.00:263][834]LogModuleManager: Shutting down and abandoning module Toolbox (410)
[2018.04.17-01.12.00:263][834]LogModuleManager: Shutting down and abandoning module ModuleUI (408)
[2018.04.17-01.12.00:292][834]LogModuleManager: Shutting down and abandoning module MovieSceneTools (406)
[2018.04.17-01.12.00:341][834]LogModuleManager: Shutting down and abandoning module OutputLog (404)
[2018.04.17-01.12.00:351][834]LogModuleManager: Shutting down and abandoning module GammaUI (402)
[2018.04.17-01.12.00:371][834]LogModuleManager: Shutting down and abandoning module Documentation (400)
[2018.04.17-01.12.00:371][834]LogModuleManager: Shutting down and abandoning module MovieSceneTracks (398)
[2018.04.17-01.12.00:371][834]LogModuleManager: Shutting down and abandoning module MovieScene (396)
[2018.04.17-01.12.00:371][834]LogModuleManager: Shutting down and abandoning module StreamingPauseRendering (394)
[2018.04.17-01.12.00:371][834]LogModuleManager: Shutting down and abandoning module LauncherPlatform (392)
[2018.04.17-01.12.00:371][834]LogModuleManager: Shutting down and abandoning module AnalyticsET (390)
[2018.04.17-01.12.00:371][834]LogModuleManager: Shutting down and abandoning module PortalServices (388)
[2018.04.17-01.12.00:371][834]LogModuleManager: Shutting down and abandoning module PortalRpc (386)
[2018.04.17-01.12.00:371][834]LogModuleManager: Shutting down and abandoning module MessagingRpc (384)
[2018.04.17-01.12.00:371][834]LogModuleManager: Shutting down and abandoning module AIModule (382)
[2018.04.17-01.12.00:371][834]LogModuleManager: Shutting down and abandoning module GameplayDebugger (381)
[2018.04.17-01.12.00:371][834]LogModuleManager: Shutting down and abandoning module AITestSuite (379)
[2018.04.17-01.12.00:390][834]LogModuleManager: Shutting down and abandoning module DesktopPlatform (376)
[2018.04.17-01.12.00:399][834]LogModuleManager: Shutting down and abandoning module ProfilerService (374)
[2018.04.17-01.12.00:518][834]LogModuleManager: Shutting down and abandoning module TaskGraph (372)
[2018.04.17-01.12.00:540][834]LogModuleManager: Shutting down and abandoning module SteamVRController (370)
[2018.04.17-01.12.00:541][834]LogModuleManager: Shutting down and abandoning module ProceduralMeshComponentEditor (368)
[2018.04.17-01.12.00:541][834]LogModuleManager: Shutting down and abandoning module ProceduralMeshComponent (366)
[2018.04.17-01.12.00:573][834]LogModuleManager: Shutting down and abandoning module OculusInput (364)
[2018.04.17-01.12.00:574][834]LogModuleManager: Shutting down and abandoning module MobilePatchingUtils (362)
[2018.04.17-01.12.00:574][834]LogModuleManager: Shutting down and abandoning module CustomMeshComponent (360)
[2018.04.17-01.12.00:574][834]LogModuleManager: Shutting down and abandoning module CableComponent (358)
[2018.04.17-01.12.00:574][834]LogModuleManager: Shutting down and abandoning module AudioCapture (356)
[2018.04.17-01.12.00:574][834]LogModuleManager: Shutting down and abandoning module ArchVisCharacter (354)
[2018.04.17-01.12.00:574][834]LogModuleManager: Shutting down and abandoning module AndroidPermission (352)
[2018.04.17-01.12.00:574][834]LogModuleManager: Shutting down and abandoning module NUTUnrealEngine4 (348)
[2018.04.17-01.12.00:574][834]LogModuleManager: Shutting down and abandoning module NetcodeUnitTest (346)
[2018.04.17-01.12.00:606][834]LogModuleManager: Shutting down and abandoning module MediaCompositingEditor (344)
[2018.04.17-01.12.00:606][834]LogModuleManager: Shutting down and abandoning module MediaCompositing (342)
[2018.04.17-01.12.00:606][834]LogModuleManager: Shutting down and abandoning module LinearTimecode (340)
[2018.04.17-01.12.00:606][834]LogModuleManager: Shutting down and abandoning module ImgMedia (338)
[2018.04.17-01.12.00:614][834]LogModuleManager: Shutting down and abandoning module HTML5Networking (336)
[2018.04.17-01.12.00:614][834]LogModuleManager: Shutting down and abandoning module AlembicImporter (334)
[2018.04.17-01.12.00:629][834]LogModuleManager: Shutting down and abandoning module AlembicLibrary (333)
[2018.04.17-01.12.00:629][834]LogModuleManager: Shutting down and abandoning module GeometryCache (332)
[2018.04.17-01.12.00:629][834]LogModuleManager: Shutting down and abandoning module GeometryCacheEd (331)
[2018.04.17-01.12.00:629][834]LogModuleManager: Shutting down and abandoning module DatasmithContent (326)
[2018.04.17-01.12.00:629][834]LogModuleManager: Shutting down and abandoning module SpeedTreeImporter (324)
[2018.04.17-01.12.00:629][834]LogModuleManager: Shutting down and abandoning module PluginBrowser (322)
[2018.04.17-01.12.00:684][834]LogModuleManager: Shutting down and abandoning module MobileLauncherProfileWizard (320)
[2018.04.17-01.12.00:739][834]LogModuleManager: Shutting down and abandoning module CryptoKeysOpenSSL (318)
[2018.04.17-01.12.00:752][834]LogModuleManager: Shutting down and abandoning module CryptoKeys (316)
[2018.04.17-01.12.00:752][834]LogModuleManager: Shutting down and abandoning module VisualStudioSourceCodeAccess (314)
[2018.04.17-01.12.00:752][834]LogModuleManager: Shutting down and abandoning module VisualStudioCodeSourceCodeAccess (312)
[2018.04.17-01.12.00:752][834]LogModuleManager: Shutting down and abandoning module UObjectPlugin (310)
[2018.04.17-01.12.00:752][834]LogModuleManager: Shutting down and abandoning module SubversionSourceControl (308)
[2018.04.17-01.12.00:757][834]LogModuleManager: Shutting down and abandoning module PerforceSourceControl (306)
[2018.04.17-01.12.00:762][834]LogModuleManager: Shutting down and abandoning module GitSourceControl (304)
[2018.04.17-01.12.00:783][834]LogModuleManager: Shutting down and abandoning module SourceControl (303)
[2018.04.17-01.12.00:829][834]LogModuleManager: Shutting down and abandoning module CLionSourceCodeAccess (300)
[2018.04.17-01.12.00:829][834]LogModuleManager: Shutting down and abandoning module LightPropagationVolumeEditor (298)
[2018.04.17-01.12.00:829][834]LogModuleManager: Shutting down and abandoning module PaperTiledImporter (296)
[2018.04.17-01.12.00:829][834]LogModuleManager: Shutting down and abandoning module PaperSpriteSheetImporter (294)
[2018.04.17-01.12.00:829][834]LogModuleManager: Shutting down and abandoning module Paper2DEditor (292)
[2018.04.17-01.12.00:858][834]LogModuleManager: Shutting down and abandoning module MeshPaint (291)
[2018.04.17-01.12.00:882][834]LogModuleManager: Shutting down and abandoning module RuntimePhysXCooking (288)
[2018.04.17-01.12.00:883][834]LogModuleManager: Shutting down and abandoning module PhysXVehiclesEditor (286)
[2018.04.17-01.12.00:883][834]LogModuleManager: Shutting down and abandoning module PhysXVehicles (284)
[2018.04.17-01.12.00:883][834]LogModuleManager: Shutting down and abandoning module OculusEditor (282)
[2018.04.17-01.12.00:883][834]LogModuleManager: Shutting down and abandoning module LocationServicesBPLibrary (280)
[2018.04.17-01.12.00:883][834]LogModuleManager: Shutting down and abandoning module ImmediatePhysicsEditor (278)
[2018.04.17-01.12.00:883][834]LogModuleManager: Shutting down and abandoning module ImmediatePhysics (276)
[2018.04.17-01.12.00:901][834]LogModuleManager: Shutting down and abandoning module ActorSequence (274)
[2018.04.17-01.12.00:901][834]LogModuleManager: Shutting down and abandoning module UdpMessaging (272)
[2018.04.17-01.12.01:022][834]LogModuleManager: Shutting down and abandoning module TcpMessaging (270)
[2018.04.17-01.12.01:135][834]LogModuleManager: Shutting down and abandoning module GameplayTagsEditor (268)
[2018.04.17-01.12.01:169][834]LogModuleManager: Shutting down and abandoning module FacialAnimationEditor (266)
[2018.04.17-01.12.01:169][834]LogModuleManager: Shutting down and abandoning module FacialAnimation (264)
[2018.04.17-01.12.01:169][834]LogModuleManager: Shutting down and abandoning module DataValidation (262)
[2018.04.17-01.12.01:169][834]LogModuleManager: Shutting down and abandoning module AssetManagerEditor (260)
[2018.04.17-01.12.01:197][834]LogModuleManager: Shutting down and abandoning module LevelEditor (259)
[2018.04.17-01.12.01:216][834]LogModuleManager: Shutting down and abandoning module PixelInspectorModule (258)
[2018.04.17-01.12.01:239][834]LogModuleManager: Shutting down and abandoning module CommonMenuExtensions (256)
[2018.04.17-01.12.01:239][834]LogModuleManager: Shutting down and abandoning module MainFrame (254)
[2018.04.17-01.12.01:239][834]LogModuleManager: Shutting down and abandoning module HotReload (253)
[2018.04.17-01.12.01:252][834]LogModuleManager: Shutting down and abandoning module ContentBrowser (249)
[2018.04.17-01.12.01:256][834]LogModuleManager: Shutting down and abandoning module TreeMap (247)
[2018.04.17-01.12.01:270][834]LogModuleManager: Shutting down and abandoning module LightPropagationVolumeRuntime (244)
[2018.04.17-01.12.01:270][834]LogModuleManager: Shutting down and abandoning module LiveLinkEditor (242)
[2018.04.17-01.12.01:270][834]LogModuleManager: Shutting down and abandoning module LiveLink (240)
[2018.04.17-01.12.01:937][834]LogModuleManager: Shutting down and abandoning module Paper2D (238)
[2018.04.17-01.12.01:960][834]LogModuleManager: Shutting down and abandoning module WindowsMoviePlayer (236)
[2018.04.17-01.12.01:960][834]LogModuleManager: Shutting down and abandoning module WmfMedia (234)
[2018.04.17-01.12.01:973][834]LogModuleManager: Shutting down and abandoning module Media (233)
[2018.04.17-01.12.01:981][834]LogModuleManager: Shutting down and abandoning module PacketHandler (230)
[2018.04.17-01.12.01:981][834]LogModuleManager: Shutting down and abandoning module ClothingSystemEditor (228)
[2018.04.17-01.12.01:981][834]LogModuleManager: Shutting down and abandoning module ClothingSystemRuntime (226)
[2018.04.17-01.12.02:008][834]LogModuleManager: Shutting down and abandoning module MediaAssets (224)
[2018.04.17-01.12.02:008][834]LogModuleManager: Shutting down and abandoning module Overlay (222)
[2018.04.17-01.12.02:008][834]LogModuleManager: Shutting down and abandoning module OverlayEditor (221)
[2018.04.17-01.12.02:008][834]LogModuleManager: Shutting down and abandoning module VREditor (218)
[2018.04.17-01.12.02:051][834]LogModuleManager: Shutting down and abandoning module StringTableEditor (216)
[2018.04.17-01.12.02:051][834]LogModuleManager: Shutting down and abandoning module GameplayTasksEditor (214)
[2018.04.17-01.12.02:051][834]LogModuleManager: Shutting down and abandoning module BehaviorTreeEditor (212)
[2018.04.17-01.12.02:102][834]LogModuleManager: Shutting down and abandoning module FunctionalTesting (210)
[2018.04.17-01.12.02:111][834]LogModuleManager: Shutting down and abandoning module CollisionAnalyzer (208)
[2018.04.17-01.12.02:130][834]LogModuleManager: Shutting down and abandoning module WorkspaceMenuStructure (207)
[2018.04.17-01.12.02:130][834]LogModuleManager: Shutting down and abandoning module UMG (204)
[2018.04.17-01.12.02:152][834]LogModuleManager: Shutting down and abandoning module UMGEditor (203)
[2018.04.17-01.12.02:206][834]LogModuleManager: Shutting down and abandoning module Sequencer (202)
[2018.04.17-01.12.02:222][834]LogModuleManager: Shutting down and abandoning module MessageLog (199)
[2018.04.17-01.12.02:222][834]LogModuleManager: Shutting down and abandoning module SlateReflector (194)
[2018.04.17-01.12.02:251][834]LogModuleManager: Shutting down and abandoning module Slate (192)
[2018.04.17-01.12.02:251][834]LogModuleManager: Shutting down and abandoning module EditorStyle (190)
[2018.04.17-01.12.02:254][834]LogModuleManager: Shutting down and abandoning module MRMesh (188)
[2018.04.17-01.12.02:254][834]LogModuleManager: Shutting down and abandoning module SourceCodeAccess (186)
[2018.04.17-01.12.02:254][834]LogModuleManager: Shutting down and abandoning module HeadMountedDisplay (184)
[2018.04.17-01.12.02:254][834]LogModuleManager: Shutting down and abandoning module XAudio2 (182)
[2018.04.17-01.12.02:254][834]LogModuleManager: Shutting down and abandoning module Networking (180)
[2018.04.17-01.12.02:254][834]LogModuleManager: Shutting down and abandoning module Core (178)
[2018.04.17-01.12.02:254][834]LogModuleManager: Shutting down and abandoning module LevelSequence (176)
[2018.04.17-01.12.02:268][834]LogModuleManager: Shutting down and abandoning module KismetCompiler (174)
[2018.04.17-01.12.02:268][834]LogModuleManager: Shutting down and abandoning module MeshUtilities (172)
[2018.04.17-01.12.02:278][834]LogModuleManager: Shutting down and abandoning module MeshMergeUtilities (171)
[2018.04.17-01.12.02:278][834]LogModuleManager: Shutting down and abandoning module MeshReductionInterface (170)
[2018.04.17-01.12.02:278][834]LogModuleManager: Shutting down and abandoning module SimplygonSwarm (169)
[2018.04.17-01.12.02:284][834]LogModuleManager: Shutting down and abandoning module SimplygonMeshReduction (167)
[2018.04.17-01.12.02:292][834]LogModuleManager: Shutting down and abandoning module QuadricMeshReduction (165)
[2018.04.17-01.12.02:292][834]LogModuleManager: Shutting down and abandoning module MaterialBaking (161)
[2018.04.17-01.12.02:310][834]LogModuleManager: Shutting down and abandoning module DirectoryWatcher (157)
[2018.04.17-01.12.02:312][834]LogModuleManager: Shutting down and abandoning module DerivedDataCache (154)
[2018.04.17-01.12.02:316][834]LogDerivedDataCache: Shutdown
[2018.04.17-01.12.02:316][834]LogModuleManager: Shutting down and abandoning module XGEController (152)
[2018.04.17-01.12.02:316][834]LogModuleManager: Shutting down and abandoning module TargetPlatform (150)
[2018.04.17-01.12.02:316][834]LogModuleManager: Shutting down and abandoning module VulkanShaderFormat (149)
[2018.04.17-01.12.02:335][834]LogModuleManager: Shutting down and abandoning module ShaderFormatVectorVM (147)
[2018.04.17-01.12.02:340][834]LogModuleManager: Shutting down and abandoning module ShaderFormatOpenGL (145)
[2018.04.17-01.12.02:348][834]LogModuleManager: Shutting down and abandoning module ShaderFormatD3D (143)
[2018.04.17-01.12.02:348][834]LogModuleManager: Shutting down and abandoning module MetalShaderFormat (141)
[2018.04.17-01.12.02:369][834]LogModuleManager: Shutting down and abandoning module TextureFormatUncompressed (139)
[2018.04.17-01.12.02:369][834]LogModuleManager: Shutting down and abandoning module TextureFormatPVR (137)
[2018.04.17-01.12.02:369][834]LogModuleManager: Shutting down and abandoning module TextureFormatDXT (135)
[2018.04.17-01.12.02:369][834]LogModuleManager: Shutting down and abandoning module TextureFormatIntelISPCTexComp (133)
[2018.04.17-01.12.02:369][834]LogModuleManager: Shutting down and abandoning module TextureFormatASTC (131)
[2018.04.17-01.12.02:369][834]LogModuleManager: Shutting down and abandoning module ImageWrapper (130)
[2018.04.17-01.12.02:369][834]LogModuleManager: Shutting down and abandoning module TextureFormatAndroid (127)
[2018.04.17-01.12.02:369][834]LogModuleManager: Shutting down and abandoning module AudioFormatOpus (125)
[2018.04.17-01.12.02:369][834]LogModuleManager: Shutting down and abandoning module AudioFormatOgg (123)
[2018.04.17-01.12.02:369][834]LogModuleManager: Shutting down and abandoning module AudioFormatADPCM (121)
[2018.04.17-01.12.02:369][834]LogModuleManager: Shutting down and abandoning module LinuxTargetPlatform (119)
[2018.04.17-01.12.02:370][834]LogModuleManager: Shutting down and abandoning module LinuxServerTargetPlatform (117)
[2018.04.17-01.12.02:370][834]LogModuleManager: Shutting down and abandoning module LinuxNoEditorTargetPlatform (115)
[2018.04.17-01.12.02:370][834]LogModuleManager: Shutting down and abandoning module LinuxClientTargetPlatform (113)
[2018.04.17-01.12.02:370][834]LogModuleManager: Shutting down and abandoning module TVOSTargetPlatform (111)
[2018.04.17-01.12.02:370][834]LogModuleManager: Shutting down and abandoning module Messaging (109)
[2018.04.17-01.12.02:370][834]LogModuleManager: Shutting down and abandoning module IOSTargetPlatform (107)
[2018.04.17-01.12.02:370][834]LogModuleManager: Shutting down and abandoning module HTML5TargetPlatform (105)
[2018.04.17-01.12.02:370][834]LogModuleManager: Shutting down and abandoning module AndroidTargetPlatform (103)
[2018.04.17-01.12.02:370][834]LogModuleManager: Shutting down and abandoning module Android_PVRTCTargetPlatform (101)
[2018.04.17-01.12.02:370][834]LogModuleManager: Shutting down and abandoning module Android_MultiTargetPlatform (99)
[2018.04.17-01.12.02:370][834]LogModuleManager: Shutting down and abandoning module Android_ETC2TargetPlatform (97)
[2018.04.17-01.12.02:370][834]LogModuleManager: Shutting down and abandoning module Android_ETC1TargetPlatform (95)
[2018.04.17-01.12.02:370][834]LogModuleManager: Shutting down and abandoning module Android_ETC1aTargetPlatform (93)
[2018.04.17-01.12.02:370][834]LogModuleManager: Shutting down and abandoning module Android_DXTTargetPlatform (91)
[2018.04.17-01.12.02:370][834]LogModuleManager: Shutting down and abandoning module Android_ATCTargetPlatform (89)
[2018.04.17-01.12.02:370][834]LogModuleManager: Shutting down and abandoning module Android_ASTCTargetPlatform (87)
[2018.04.17-01.12.02:371][834]LogModuleManager: Shutting down and abandoning module WindowsTargetPlatform (85)
[2018.04.17-01.12.02:371][834]LogModuleManager: Shutting down and abandoning module WindowsServerTargetPlatform (83)
[2018.04.17-01.12.02:371][834]LogModuleManager: Shutting down and abandoning module WindowsNoEditorTargetPlatform (81)
[2018.04.17-01.12.02:371][834]LogModuleManager: Shutting down and abandoning module WindowsClientTargetPlatform (79)
[2018.04.17-01.12.02:371][834]LogModuleManager: Shutting down and abandoning module MacTargetPlatform (77)
[2018.04.17-01.12.02:371][834]LogModuleManager: Shutting down and abandoning module MacServerTargetPlatform (75)
[2018.04.17-01.12.02:371][834]LogModuleManager: Shutting down and abandoning module MacNoEditorTargetPlatform (73)
[2018.04.17-01.12.02:371][834]LogModuleManager: Shutting down and abandoning module MacClientTargetPlatform (71)
[2018.04.17-01.12.02:371][834]LogModuleManager: Shutting down and abandoning module AllDesktopTargetPlatform (69)
[2018.04.17-01.12.02:371][834]LogModuleManager: Shutting down and abandoning module InputCore (66)
[2018.04.17-01.12.02:371][834]LogModuleManager: Shutting down and abandoning module Settings (64)
[2018.04.17-01.12.02:371][834]LogModuleManager: Shutting down and abandoning module PhysXCooking (62)
[2018.04.17-01.12.02:371][834]LogModuleManager: Shutting down and abandoning module SteamVR (60)
[2018.04.17-01.12.02:372][834]LogModuleManager: Shutting down and abandoning module OculusHMD (58)
[2018.04.17-01.12.02:394][834]LogModuleManager: Shutting down and abandoning module ExampleDeviceProfileSelector (56)
[2018.04.17-01.12.02:394][834]LogModuleManager: Shutting down and abandoning module AppleARKit (54)
[2018.04.17-01.12.02:394][834]LogModuleManager: Shutting down and abandoning module AugmentedReality (51)
[2018.04.17-01.12.02:394][834]LogModuleManager: Shutting down and abandoning module OnlineBlueprintSupport (48)
[2018.04.17-01.12.02:394][834]LogModuleManager: Shutting down and abandoning module OnlineSubsystem (44)
[2018.04.17-01.12.02:429][834]LogModuleManager: Shutting down and abandoning module XMPP (43)
[2018.04.17-01.12.02:467][834]LogModuleManager: Shutting down and abandoning module HTTP (41)
[2018.04.17-01.12.02:496][834]LogHttp: Display: Http module shutting down, but needs to wait on 1 outstanding Http requests:
[2018.04.17-01.12.02:496][834]LogHttp: Display: 	verb=[POST] url=[https://datarouter.ol.epicgames.com/datarouter/api/v1/public/data?SessionID=%7B87758E2F-44FF-0E52-674F-BDAEC4D69A64%7D&AppID=UEEditor.Rocket.Release&AppVersion=4.19.1-3989454%2B%2B%2BUE4%2BRelease-4.19&UserID=3a6a179d46f62b8b310005b7a872cf81%7C1e251b31f5364483866a46585c70edc5%7Cbcaf7422-1cfd-425e-bb36-2802c1608fc2&AppEnvironment=datacollector-binary&UploadType=eteventstream] status=Processing
[2018.04.17-01.12.02:514][834]LogModuleManager: Shutting down and abandoning module SSL (40)
[2018.04.17-01.12.02:536][834]LogModuleManager: Shutting down and abandoning module AnimationModifiers (36)
[2018.04.17-01.12.02:555][834]LogModuleManager: Shutting down and abandoning module PropertyEditor (35)
[2018.04.17-01.12.02:564][834]LogModuleManager: Shutting down and abandoning module AudioEditor (32)
[2018.04.17-01.12.02:564][834]LogModuleManager: Shutting down and abandoning module TextureCompressor (30)
[2018.04.17-01.12.02:583][834]LogModuleManager: Shutting down and abandoning module ShaderCore (28)
[2018.04.17-01.12.02:583][834]LogModuleManager: Shutting down and abandoning module Landscape (26)
[2018.04.17-01.12.02:583][834]LogModuleManager: Shutting down and abandoning module SlateRHIRenderer (24)
[2018.04.17-01.12.02:598][834]LogModuleManager: Shutting down and abandoning module OpenGLDrv (22)
[2018.04.17-01.12.02:615][834]LogModuleManager: Shutting down and abandoning module D3D11RHI (20)
[2018.04.17-01.12.02:615][834]LogModuleManager: Shutting down and abandoning module AnimGraphRuntime (18)
[2018.04.17-01.12.02:630][834]LogModuleManager: Shutting down and abandoning module Renderer (16)
[2018.04.17-01.12.02:630][834]LogModuleManager: Shutting down and abandoning module Engine (14)
[2018.04.17-01.12.02:630][834]LogModuleManager: Shutting down and abandoning module CoreUObject (12)
[2018.04.17-01.12.02:630][834]LogModuleManager: Shutting down and abandoning module NetworkFile (10)
[2018.04.17-01.12.02:630][834]LogModuleManager: Shutting down and abandoning module CookedIterativeFile (8)
[2018.04.17-01.12.02:630][834]LogModuleManager: Shutting down and abandoning module StreamingFile (6)
[2018.04.17-01.12.02:630][834]LogModuleManager: Shutting down and abandoning module SandboxFile (4)
[2018.04.17-01.12.02:644][834]LogModuleManager: Shutting down and abandoning module PakFile (2)
[2018.04.17-01.12.02:673][834]LogExit: Exiting.
[2018.04.17-01.12.02:771][834]Log file closed, 04/16/18 22:12:02
